github.com/projecteru2/minions github.com/Azure/go-autorest/autorest@v0.11.4
github.com/projecteru2/minions github.com/Azure/go-autorest/autorest/adal@v0.9.2
github.com/projecteru2/minions github.com/coreos/etcd@v3.3.25+incompatible
github.com/projecteru2/minions github.com/docker/distribution@v2.7.1+incompatible
github.com/projecteru2/minions github.com/docker/docker@v17.12.0-ce-rc1.0.20180616010903-de0abf4315fd+incompatible
github.com/projecteru2/minions github.com/docker/go-connections@v0.4.0
github.com/projecteru2/minions github.com/docker/go-plugins-helpers@v0.0.0-20200102110956-c9a8a2d92ccc
github.com/projecteru2/minions github.com/docker/go-units@v0.4.0
github.com/projecteru2/minions github.com/go-openapi/spec@v0.19.9
github.com/projecteru2/minions github.com/gophercloud/gophercloud@v0.12.0
github.com/projecteru2/minions github.com/imdario/mergo@v0.3.11
github.com/projecteru2/minions github.com/kelseyhightower/envconfig@v1.4.0
github.com/projecteru2/minions github.com/opencontainers/go-digest@v1.0.0
github.com/projecteru2/minions github.com/opencontainers/image-spec@v1.0.1
github.com/projecteru2/minions github.com/pborman/uuid@v1.2.1
github.com/projecteru2/minions github.com/pkg/errors@v0.8.1
github.com/projecteru2/minions github.com/projectcalico/go-json@v0.0.0-20161128004156-6219dc7339ba
github.com/projecteru2/minions github.com/projectcalico/go-yaml-wrapper@v0.0.0-20191112210931-090425220c54
github.com/projecteru2/minions github.com/projectcalico/libcalico-go@v2.0.0-alpha1.0.20180615230155-efdf8fede805+incompatible
github.com/projecteru2/minions github.com/projectcalico/libnetwork-plugin@v1.1.3-0.20180524185918-f42c4fce3cdb
github.com/projecteru2/minions github.com/satori/go.uuid@v1.2.0
github.com/projecteru2/minions github.com/sirupsen/logrus@v1.6.0
github.com/projecteru2/minions github.com/urfave/cli/v2@v2.2.0
github.com/projecteru2/minions github.com/vishvananda/netlink@v1.1.0
github.com/projecteru2/minions go.etcd.io/etcd@v0.5.0-alpha.5.0.20200824191128-ae9734ed278b
github.com/projecteru2/minions go.uber.org/automaxprocs@v1.3.0
github.com/projecteru2/minions gopkg.in/go-playground/validator.v8@v8.18.2
github.com/projecteru2/minions k8s.io/api@v0.18.8
github.com/projecteru2/minions k8s.io/apimachinery@v0.18.8
github.com/projecteru2/minions k8s.io/client-go@v11.0.0+incompatible
github.com/projecteru2/minions k8s.io/kube-openapi@v0.0.0-20200811211545-daf3cbb84823
github.com/projecteru2/minions k8s.io/utils@v0.0.0-20200821003339-5e75c0163111
github.com/projecteru2/minions sigs.k8s.io/structured-merge-diff/v2@v2.0.1
github.com/json-iterator/go@v1.1.8 github.com/davecgh/go-spew@v1.1.1
github.com/gophercloud/gophercloud@v0.12.0 golang.org/x/crypto@v0.0.0-20191202143827-86a70503ff7e
github.com/gophercloud/gophercloud@v0.12.0 golang.org/x/net@v0.0.0-20191126235420-ef20fe5d7933
github.com/gophercloud/gophercloud@v0.12.0 golang.org/x/sync@v0.0.0-20190911185100-cd5d95a43a6e
github.com/gophercloud/gophercloud@v0.12.0 golang.org/x/sys@v0.0.0-20191128015809-6d18c012aee9
github.com/gophercloud/gophercloud@v0.12.0 golang.org/x/text@v0.3.2
github.com/gophercloud/gophercloud@v0.12.0 golang.org/x/tools@v0.0.0-20191203134012-c197fd4bf371
github.com/gophercloud/gophercloud@v0.12.0 golang.org/x/xerrors@v0.0.0-20191011141410-1b5146add898
github.com/gophercloud/gophercloud@v0.12.0 gopkg.in/check.v1@v1.0.0-20190902080502-41f04d3bba15
github.com/gophercloud/gophercloud@v0.12.0 gopkg.in/yaml.v2@v2.2.7
go.etcd.io/etcd@v0.5.0-alpha.5.0.20200824191128-ae9734ed278b github.com/bgentry/speakeasy@v0.1.0
go.etcd.io/etcd@v0.5.0-alpha.5.0.20200824191128-ae9734ed278b github.com/cockroachdb/datadriven@v0.0.0-20190809214429-80d97fb3cbaa
go.etcd.io/etcd@v0.5.0-alpha.5.0.20200824191128-ae9734ed278b github.com/coreos/go-semver@v0.2.0
go.etcd.io/etcd@v0.5.0-alpha.5.0.20200824191128-ae9734ed278b github.com/coreos/go-systemd@v0.0.0-20180511133405-39ca1b05acc7
go.etcd.io/etcd@v0.5.0-alpha.5.0.20200824191128-ae9734ed278b github.com/coreos/pkg@v0.0.0-20160727233714-3ac0863d7acf
go.etcd.io/etcd@v0.5.0-alpha.5.0.20200824191128-ae9734ed278b github.com/creack/pty@v1.1.7
go.etcd.io/etcd@v0.5.0-alpha.5.0.20200824191128-ae9734ed278b github.com/dgrijalva/jwt-go@v3.2.0+incompatible
go.etcd.io/etcd@v0.5.0-alpha.5.0.20200824191128-ae9734ed278b github.com/dustin/go-humanize@v0.0.0-20171111073723-bb3d318650d4
go.etcd.io/etcd@v0.5.0-alpha.5.0.20200824191128-ae9734ed278b github.com/fatih/color@v1.7.0
go.etcd.io/etcd@v0.5.0-alpha.5.0.20200824191128-ae9734ed278b github.com/gogo/protobuf@v1.2.1
go.etcd.io/etcd@v0.5.0-alpha.5.0.20200824191128-ae9734ed278b github.com/golang/groupcache@v0.0.0-20160516000752-02826c3e7903
go.etcd.io/etcd@v0.5.0-alpha.5.0.20200824191128-ae9734ed278b github.com/golang/protobuf@v1.3.2
go.etcd.io/etcd@v0.5.0-alpha.5.0.20200824191128-ae9734ed278b github.com/google/btree@v1.0.0
go.etcd.io/etcd@v0.5.0-alpha.5.0.20200824191128-ae9734ed278b github.com/google/uuid@v1.0.0
go.etcd.io/etcd@v0.5.0-alpha.5.0.20200824191128-ae9734ed278b github.com/gorilla/websocket@v0.0.0-20170926233335-4201258b820c
go.etcd.io/etcd@v0.5.0-alpha.5.0.20200824191128-ae9734ed278b github.com/grpc-ecosystem/go-grpc-middleware@v1.0.1-0.20190118093823-f849b5445de4
go.etcd.io/etcd@v0.5.0-alpha.5.0.20200824191128-ae9734ed278b github.com/grpc-ecosystem/go-grpc-prometheus@v1.2.0
go.etcd.io/etcd@v0.5.0-alpha.5.0.20200824191128-ae9734ed278b github.com/grpc-ecosystem/grpc-gateway@v1.9.5
go.etcd.io/etcd@v0.5.0-alpha.5.0.20200824191128-ae9734ed278b github.com/inconshreveable/mousetrap@v1.0.0
go.etcd.io/etcd@v0.5.0-alpha.5.0.20200824191128-ae9734ed278b github.com/jonboulle/clockwork@v0.1.0
go.etcd.io/etcd@v0.5.0-alpha.5.0.20200824191128-ae9734ed278b github.com/json-iterator/go@v1.1.7
go.etcd.io/etcd@v0.5.0-alpha.5.0.20200824191128-ae9734ed278b github.com/mattn/go-colorable@v0.0.9
go.etcd.io/etcd@v0.5.0-alpha.5.0.20200824191128-ae9734ed278b github.com/mattn/go-isatty@v0.0.4
go.etcd.io/etcd@v0.5.0-alpha.5.0.20200824191128-ae9734ed278b github.com/mattn/go-runewidth@v0.0.2
go.etcd.io/etcd@v0.5.0-alpha.5.0.20200824191128-ae9734ed278b github.com/modern-go/reflect2@v1.0.1
go.etcd.io/etcd@v0.5.0-alpha.5.0.20200824191128-ae9734ed278b github.com/olekukonko/tablewriter@v0.0.0-20170122224234-a0225b3f23b5
go.etcd.io/etcd@v0.5.0-alpha.5.0.20200824191128-ae9734ed278b github.com/prometheus/client_golang@v1.0.0
go.etcd.io/etcd@v0.5.0-alpha.5.0.20200824191128-ae9734ed278b github.com/prometheus/client_model@v0.0.0-20190812154241-14fe0d1b01d4
go.etcd.io/etcd@v0.5.0-alpha.5.0.20200824191128-ae9734ed278b github.com/sirupsen/logrus@v1.4.2
go.etcd.io/etcd@v0.5.0-alpha.5.0.20200824191128-ae9734ed278b github.com/soheilhy/cmux@v0.1.4
go.etcd.io/etcd@v0.5.0-alpha.5.0.20200824191128-ae9734ed278b github.com/spf13/cobra@v0.0.3
go.etcd.io/etcd@v0.5.0-alpha.5.0.20200824191128-ae9734ed278b github.com/spf13/pflag@v1.0.1
go.etcd.io/etcd@v0.5.0-alpha.5.0.20200824191128-ae9734ed278b github.com/tmc/grpc-websocket-proxy@v0.0.0-20170815181823-89b8d40f7ca8
go.etcd.io/etcd@v0.5.0-alpha.5.0.20200824191128-ae9734ed278b github.com/urfave/cli@v1.20.0
go.etcd.io/etcd@v0.5.0-alpha.5.0.20200824191128-ae9734ed278b github.com/xiang90/probing@v0.0.0-20190116061207-43a291ad63a2
go.etcd.io/etcd@v0.5.0-alpha.5.0.20200824191128-ae9734ed278b go.etcd.io/bbolt@v1.3.3
go.etcd.io/etcd@v0.5.0-alpha.5.0.20200824191128-ae9734ed278b go.uber.org/atomic@v1.3.2
go.etcd.io/etcd@v0.5.0-alpha.5.0.20200824191128-ae9734ed278b go.uber.org/multierr@v1.1.0
go.etcd.io/etcd@v0.5.0-alpha.5.0.20200824191128-ae9734ed278b go.uber.org/zap@v1.10.0
go.etcd.io/etcd@v0.5.0-alpha.5.0.20200824191128-ae9734ed278b golang.org/x/crypto@v0.0.0-20190308221718-c2843e01d9a2
go.etcd.io/etcd@v0.5.0-alpha.5.0.20200824191128-ae9734ed278b golang.org/x/lint@v0.0.0-20190313153728-d0100b6bd8b3
go.etcd.io/etcd@v0.5.0-alpha.5.0.20200824191128-ae9734ed278b golang.org/x/net@v0.0.0-20190813141303-74dc4d7220e7
go.etcd.io/etcd@v0.5.0-alpha.5.0.20200824191128-ae9734ed278b golang.org/x/sys@v0.0.0-20190826190057-c7b8b68b1456
go.etcd.io/etcd@v0.5.0-alpha.5.0.20200824191128-ae9734ed278b golang.org/x/text@v0.3.3
go.etcd.io/etcd@v0.5.0-alpha.5.0.20200824191128-ae9734ed278b golang.org/x/time@v0.0.0-20180412165947-fbb02b2291d2
go.etcd.io/etcd@v0.5.0-alpha.5.0.20200824191128-ae9734ed278b golang.org/x/tools@v0.0.0-20190524140312-2c0ae7006135
go.etcd.io/etcd@v0.5.0-alpha.5.0.20200824191128-ae9734ed278b google.golang.org/grpc@v1.26.0
go.etcd.io/etcd@v0.5.0-alpha.5.0.20200824191128-ae9734ed278b gopkg.in/cheggaaa/pb.v1@v1.0.25
go.etcd.io/etcd@v0.5.0-alpha.5.0.20200824191128-ae9734ed278b gopkg.in/yaml.v2@v2.2.2
go.etcd.io/etcd@v0.5.0-alpha.5.0.20200824191128-ae9734ed278b honnef.co/go/tools@v0.0.0-20190523083050-ea95bdfd59fc
go.etcd.io/etcd@v0.5.0-alpha.5.0.20200824191128-ae9734ed278b sigs.k8s.io/yaml@v1.1.0
go.uber.org/automaxprocs@v1.3.0 github.com/stretchr/testify@v1.4.0
go.uber.org/automaxprocs@v1.3.0 golang.org/x/lint@v0.0.0-20191125180803-fdd1cda4f05f
go.uber.org/automaxprocs@v1.3.0 honnef.co/go/tools@v0.0.1-2019.2.3
github.com/sirupsen/logrus@v1.4.2 github.com/davecgh/go-spew@v1.1.1
github.com/sirupsen/logrus@v1.4.2 github.com/konsorten/go-windows-terminal-sequences@v1.0.1
github.com/sirupsen/logrus@v1.4.2 github.com/pmezard/go-difflib@v1.0.0
github.com/sirupsen/logrus@v1.4.2 github.com/stretchr/objx@v0.1.1
github.com/sirupsen/logrus@v1.4.2 github.com/stretchr/testify@v1.2.2
github.com/sirupsen/logrus@v1.4.2 golang.org/x/sys@v0.0.0-20190422165155-953cdadca894
github.com/prometheus/client_model@v0.0.0-20190129233127-fd36f4220a90 github.com/golang/protobuf@v1.2.0
golang.org/x/crypto@v0.0.0-20190510104115-cbcb75029529 golang.org/x/sys@v0.0.0-20190412213103-97732733099d
golang.org/x/crypto@v0.0.0-20190510104115-cbcb75029529 golang.org/x/net@v0.0.0-20190404232315-eb5bcb51f2a3
google.golang.org/grpc@v1.23.0 honnef.co/go/tools@v0.0.0-20190523083050-ea95bdfd59fc
google.golang.org/grpc@v1.23.0 google.golang.org/genproto@v0.0.0-20180817151627-c66870c02cf8
google.golang.org/grpc@v1.23.0 google.golang.org/appengine@v1.1.0
google.golang.org/grpc@v1.23.0 golang.org/x/tools@v0.0.0-20190524140312-2c0ae7006135
google.golang.org/grpc@v1.23.0 golang.org/x/sys@v0.0.0-20190215142949-d0b11bdaac8a
google.golang.org/grpc@v1.23.0 golang.org/x/oauth2@v0.0.0-20180821212333-d2e6202438be
google.golang.org/grpc@v1.23.0 golang.org/x/net@v0.0.0-20190311183353-d8887717615a
google.golang.org/grpc@v1.23.0 golang.org/x/lint@v0.0.0-20190313153728-d0100b6bd8b3
google.golang.org/grpc@v1.23.0 github.com/google/go-cmp@v0.2.0
google.golang.org/grpc@v1.23.0 github.com/golang/protobuf@v1.2.0
google.golang.org/grpc@v1.23.0 github.com/golang/mock@v1.1.1
google.golang.org/grpc@v1.23.0 github.com/golang/glog@v0.0.0-20160126235308-23def4e6c14b
google.golang.org/grpc@v1.23.0 github.com/client9/misspell@v0.3.4
google.golang.org/grpc@v1.23.0 github.com/BurntSushi/toml@v0.3.1
google.golang.org/grpc@v1.23.0 cloud.google.com/go@v0.26.0
golang.org/x/net@v0.0.0-20191004110552-13f9640d40b9 golang.org/x/text@v0.3.0
golang.org/x/net@v0.0.0-20191004110552-13f9640d40b9 golang.org/x/sys@v0.0.0-20190215142949-d0b11bdaac8a
golang.org/x/net@v0.0.0-20191004110552-13f9640d40b9 golang.org/x/crypto@v0.0.0-20190308221718-c2843e01d9a2
github.com/go-openapi/jsonpointer@v0.19.3 github.com/stretchr/testify@v1.3.0
github.com/go-openapi/jsonpointer@v0.19.3 github.com/mailru/easyjson@v0.0.0-20190626092158-b2ccc519800e
github.com/go-openapi/jsonpointer@v0.19.3 github.com/go-openapi/swag@v0.19.5
github.com/envoyproxy/go-control-plane@v0.9.1-0.20191026205805-5f8ba28d4473 google.golang.org/grpc@v1.23.0
github.com/envoyproxy/go-control-plane@v0.9.1-0.20191026205805-5f8ba28d4473 google.golang.org/genproto@v0.0.0-20190819201941-24fa4b261c55
github.com/envoyproxy/go-control-plane@v0.9.1-0.20191026205805-5f8ba28d4473 github.com/prometheus/client_model@v0.0.0-20190812154241-14fe0d1b01d4
github.com/envoyproxy/go-control-plane@v0.9.1-0.20191026205805-5f8ba28d4473 github.com/golang/protobuf@v1.3.2
github.com/grpc-ecosystem/grpc-gateway@v1.9.5 github.com/ghodss/yaml@v1.0.0
github.com/grpc-ecosystem/grpc-gateway@v1.9.5 github.com/golang/glog@v0.0.0-20160126235308-23def4e6c14b
github.com/grpc-ecosystem/grpc-gateway@v1.9.5 github.com/golang/protobuf@v1.2.0
github.com/grpc-ecosystem/grpc-gateway@v1.9.5 github.com/kr/pretty@v0.1.0
github.com/grpc-ecosystem/grpc-gateway@v1.9.5 github.com/rogpeppe/fastuuid@v0.0.0-20150106093220-6724a57986af
github.com/grpc-ecosystem/grpc-gateway@v1.9.5 golang.org/x/net@v0.0.0-20181220203305-927f97764cc3
github.com/grpc-ecosystem/grpc-gateway@v1.9.5 golang.org/x/sys@v0.0.0-20181107165924-66b7b1311ac8
github.com/grpc-ecosystem/grpc-gateway@v1.9.5 google.golang.org/genproto@v0.0.0-20180817151627-c66870c02cf8
github.com/grpc-ecosystem/grpc-gateway@v1.9.5 google.golang.org/grpc@v1.19.0
github.com/grpc-ecosystem/grpc-gateway@v1.9.5 gopkg.in/check.v1@v1.0.0-20180628173108-788fd7840127
github.com/grpc-ecosystem/grpc-gateway@v1.9.5 gopkg.in/resty.v1@v1.12.0
github.com/grpc-ecosystem/grpc-gateway@v1.9.5 gopkg.in/yaml.v2@v2.0.0-20170812160011-eb3733d160e7
gopkg.in/yaml.v2@v2.2.2 gopkg.in/check.v1@v0.0.0-20161208181325-20d25e280405
github.com/kr/pretty@v0.1.0 github.com/kr/text@v0.1.0
gopkg.in/yaml.v2@v2.2.7 gopkg.in/check.v1@v0.0.0-20161208181325-20d25e280405
golang.org/x/lint@v0.0.0-20190313153728-d0100b6bd8b3 golang.org/x/tools@v0.0.0-20190311212946-11955173bddd
golang.org/x/crypto@v0.0.0-20191202143827-86a70503ff7e golang.org/x/net@v0.0.0-20190404232315-eb5bcb51f2a3
golang.org/x/crypto@v0.0.0-20191202143827-86a70503ff7e golang.org/x/sys@v0.0.0-20190412213103-97732733099d
github.com/stretchr/testify@v1.4.0 github.com/davecgh/go-spew@v1.1.0
github.com/stretchr/testify@v1.4.0 github.com/pmezard/go-difflib@v1.0.0
github.com/stretchr/testify@v1.4.0 github.com/stretchr/objx@v0.1.0
github.com/stretchr/testify@v1.4.0 gopkg.in/yaml.v2@v2.2.2
github.com/envoyproxy/go-control-plane@v0.9.1-0.20191026205805-5f8ba28d4473 github.com/envoyproxy/protoc-gen-validate@v0.1.0
github.com/envoyproxy/go-control-plane@v0.9.1-0.20191026205805-5f8ba28d4473 github.com/census-instrumentation/opencensus-proto@v0.2.1
github.com/Azure/go-autorest/logger@v0.2.0 github.com/Azure/go-autorest@v14.2.0+incompatible
gopkg.in/errgo.v2@v2.1.0 gopkg.in/check.v1@v1.0.0-20180628173108-788fd7840127
gopkg.in/errgo.v2@v2.1.0 github.com/kr/pretty@v0.1.0
github.com/Azure/go-autorest/autorest/mocks@v0.4.0 github.com/Azure/go-autorest@v14.2.0+incompatible
golang.org/x/lint@v0.0.0-20191125180803-fdd1cda4f05f golang.org/x/tools@v0.0.0-20191125144606-a911d9008d1f
github.com/sirupsen/logrus@v1.6.0 github.com/davecgh/go-spew@v1.1.1
github.com/sirupsen/logrus@v1.6.0 github.com/konsorten/go-windows-terminal-sequences@v1.0.3
github.com/sirupsen/logrus@v1.6.0 github.com/pmezard/go-difflib@v1.0.0
github.com/sirupsen/logrus@v1.6.0 github.com/stretchr/testify@v1.2.2
github.com/sirupsen/logrus@v1.6.0 golang.org/x/sys@v0.0.0-20190422165155-953cdadca894
github.com/kr/text@v0.1.0 github.com/kr/pty@v1.1.1
github.com/google/go-cmp@v0.4.0 golang.org/x/xerrors@v0.0.0-20191204190536-9bdfabe68543
github.com/gogo/protobuf@v1.2.1 github.com/kisielk/errcheck@v1.1.0
golang.org/x/text@v0.3.3 golang.org/x/tools@v0.0.0-20180917221912-90fa682c2a6e
github.com/go-openapi/spec@v0.19.9 github.com/go-openapi/jsonpointer@v0.19.3
github.com/go-openapi/spec@v0.19.9 github.com/go-openapi/jsonreference@v0.19.4
github.com/go-openapi/spec@v0.19.9 github.com/go-openapi/swag@v0.19.5
github.com/go-openapi/spec@v0.19.9 github.com/stretchr/testify@v1.3.0
github.com/go-openapi/spec@v0.19.9 gopkg.in/yaml.v2@v2.2.4
github.com/go-openapi/jsonreference@v0.19.4 github.com/PuerkitoBio/purell@v1.1.1
github.com/go-openapi/jsonreference@v0.19.4 github.com/PuerkitoBio/urlesc@v0.0.0-20170810143723-de5bf2ad4578
github.com/go-openapi/jsonreference@v0.19.4 github.com/go-openapi/jsonpointer@v0.19.3
github.com/go-openapi/jsonreference@v0.19.4 github.com/stretchr/testify@v1.3.0
github.com/go-openapi/jsonreference@v0.19.4 golang.org/x/net@v0.0.0-20190827160401-ba9fcec4b297
github.com/go-openapi/jsonreference@v0.19.4 golang.org/x/text@v0.3.3
github.com/vishvananda/netlink@v1.1.0 github.com/vishvananda/netns@v0.0.0-20191106174202-0a2b9b5464df
github.com/vishvananda/netlink@v1.1.0 golang.org/x/sys@v0.0.0-20190606203320-7fc4e5ec1444
golang.org/x/net@v0.0.0-20190813141303-74dc4d7220e7 golang.org/x/crypto@v0.0.0-20190308221718-c2843e01d9a2
golang.org/x/net@v0.0.0-20190813141303-74dc4d7220e7 golang.org/x/sys@v0.0.0-20190215142949-d0b11bdaac8a
golang.org/x/net@v0.0.0-20190813141303-74dc4d7220e7 golang.org/x/text@v0.3.0
golang.org/x/tools@v0.0.0-20190524140312-2c0ae7006135 golang.org/x/net@v0.0.0-20190311183353-d8887717615a
golang.org/x/tools@v0.0.0-20190524140312-2c0ae7006135 golang.org/x/sync@v0.0.0-20190423024810-112230192c58
golang.org/x/net@v0.0.0-20190404232315-eb5bcb51f2a3 golang.org/x/crypto@v0.0.0-20190308221718-c2843e01d9a2
golang.org/x/net@v0.0.0-20190404232315-eb5bcb51f2a3 golang.org/x/text@v0.3.0
github.com/json-iterator/go@v1.1.7 github.com/davecgh/go-spew@v1.1.1
github.com/json-iterator/go@v1.1.7 github.com/google/gofuzz@v1.0.0
github.com/json-iterator/go@v1.1.7 github.com/modern-go/concurrent@v0.0.0-20180228061459-e0a39a4cb421
github.com/json-iterator/go@v1.1.7 github.com/modern-go/reflect2@v0.0.0-20180701023420-4b7aa43c6742
github.com/json-iterator/go@v1.1.7 github.com/stretchr/testify@v1.3.0
github.com/urfave/cli/v2@v2.2.0 github.com/BurntSushi/toml@v0.3.1
github.com/urfave/cli/v2@v2.2.0 github.com/cpuguy83/go-md2man/v2@v2.0.0-20190314233015-f79a8a8ca69d
github.com/urfave/cli/v2@v2.2.0 gopkg.in/yaml.v2@v2.2.2
github.com/Azure/go-autorest/autorest/adal@v0.9.2 github.com/Azure/go-autorest@v14.2.0+incompatible
github.com/Azure/go-autorest/autorest/adal@v0.9.2 github.com/Azure/go-autorest/autorest/date@v0.3.0
github.com/Azure/go-autorest/autorest/adal@v0.9.2 github.com/Azure/go-autorest/autorest/mocks@v0.4.1
github.com/Azure/go-autorest/autorest/adal@v0.9.2 github.com/Azure/go-autorest/tracing@v0.6.0
github.com/Azure/go-autorest/autorest/adal@v0.9.2 github.com/dgrijalva/jwt-go@v3.2.0+incompatible
github.com/Azure/go-autorest/autorest/adal@v0.9.2 golang.org/x/crypto@v0.0.0-20200622213623-75b288015ac9
golang.org/x/text@v0.3.2 golang.org/x/tools@v0.0.0-20180917221912-90fa682c2a6e
github.com/kisielk/errcheck@v1.2.0 golang.org/x/tools@v0.0.0-20181030221726-6c7e314b6563
golang.org/x/tools@v0.0.0-20190621195816-6e04913cbbac golang.org/x/sync@v0.0.0-20190423024810-112230192c58
golang.org/x/tools@v0.0.0-20190621195816-6e04913cbbac golang.org/x/net@v0.0.0-20190311183353-d8887717615a
github.com/prometheus/client_golang@v1.0.0 github.com/beorn7/perks@v1.0.0
github.com/prometheus/client_golang@v1.0.0 github.com/golang/protobuf@v1.3.1
github.com/prometheus/client_golang@v1.0.0 github.com/json-iterator/go@v1.1.6
github.com/prometheus/client_golang@v1.0.0 github.com/modern-go/concurrent@v0.0.0-20180306012644-bacd9c7ef1dd
github.com/prometheus/client_golang@v1.0.0 github.com/modern-go/reflect2@v1.0.1
github.com/prometheus/client_golang@v1.0.0 github.com/prometheus/client_model@v0.0.0-20190129233127-fd36f4220a90
github.com/prometheus/client_golang@v1.0.0 github.com/prometheus/common@v0.4.1
github.com/prometheus/client_golang@v1.0.0 github.com/prometheus/procfs@v0.0.2
github.com/prometheus/client_golang@v1.0.0 github.com/stretchr/testify@v1.3.0
github.com/prometheus/client_golang@v1.0.0 golang.org/x/sys@v0.0.0-20181116152217-5ac8a444bdc5
golang.org/x/crypto@v0.0.0-20190308221718-c2843e01d9a2 golang.org/x/sys@v0.0.0-20190215142949-d0b11bdaac8a
github.com/imdario/mergo@v0.3.11 gopkg.in/yaml.v2@v2.3.0
google.golang.org/grpc@v1.26.0 github.com/envoyproxy/go-control-plane@v0.9.1-0.20191026205805-5f8ba28d4473
google.golang.org/grpc@v1.26.0 github.com/envoyproxy/protoc-gen-validate@v0.1.0
google.golang.org/grpc@v1.26.0 github.com/golang/glog@v0.0.0-20160126235308-23def4e6c14b
google.golang.org/grpc@v1.26.0 github.com/golang/mock@v1.1.1
google.golang.org/grpc@v1.26.0 github.com/golang/protobuf@v1.3.2
google.golang.org/grpc@v1.26.0 github.com/google/go-cmp@v0.2.0
google.golang.org/grpc@v1.26.0 golang.org/x/net@v0.0.0-20190311183353-d8887717615a
google.golang.org/grpc@v1.26.0 golang.org/x/oauth2@v0.0.0-20180821212333-d2e6202438be
google.golang.org/grpc@v1.26.0 golang.org/x/sys@v0.0.0-20190215142949-d0b11bdaac8a
google.golang.org/grpc@v1.26.0 google.golang.org/genproto@v0.0.0-20190819201941-24fa4b261c55
github.com/cpuguy83/go-md2man/v2@v2.0.0-20190314233015-f79a8a8ca69d github.com/pmezard/go-difflib@v1.0.0
github.com/cpuguy83/go-md2man/v2@v2.0.0-20190314233015-f79a8a8ca69d github.com/russross/blackfriday/v2@v2.0.1
github.com/cpuguy83/go-md2man/v2@v2.0.0-20190314233015-f79a8a8ca69d github.com/shurcooL/sanitized_anchor_name@v1.0.0
golang.org/x/tools@v0.0.0-20191203134012-c197fd4bf371 golang.org/x/net@v0.0.0-20190620200207-3b0461eec859
golang.org/x/tools@v0.0.0-20191203134012-c197fd4bf371 golang.org/x/sync@v0.0.0-20190423024810-112230192c58
golang.org/x/tools@v0.0.0-20191203134012-c197fd4bf371 golang.org/x/xerrors@v0.0.0-20190717185122-a985d3407aa7
golang.org/x/net@v0.0.0-20190827160401-ba9fcec4b297 golang.org/x/crypto@v0.0.0-20190308221718-c2843e01d9a2
golang.org/x/net@v0.0.0-20190827160401-ba9fcec4b297 golang.org/x/sys@v0.0.0-20190215142949-d0b11bdaac8a
golang.org/x/net@v0.0.0-20190827160401-ba9fcec4b297 golang.org/x/text@v0.3.0
github.com/prometheus/procfs@v0.0.2 golang.org/x/sync@v0.0.0-20181221193216-37e7f081c4d4
golang.org/x/net@v0.0.0-20191126235420-ef20fe5d7933 golang.org/x/crypto@v0.0.0-20190308221718-c2843e01d9a2
golang.org/x/net@v0.0.0-20191126235420-ef20fe5d7933 golang.org/x/sys@v0.0.0-20190215142949-d0b11bdaac8a
golang.org/x/net@v0.0.0-20191126235420-ef20fe5d7933 golang.org/x/text@v0.3.0
golang.org/x/net@v0.0.0-20200324143707-d3edc9973b7e golang.org/x/crypto@v0.0.0-20190308221718-c2843e01d9a2
golang.org/x/net@v0.0.0-20200324143707-d3edc9973b7e golang.org/x/sys@v0.0.0-20200323222414-85ca7c5b95cd
golang.org/x/net@v0.0.0-20200324143707-d3edc9973b7e golang.org/x/text@v0.3.0
gopkg.in/resty.v1@v1.12.0 golang.org/x/net@v0.0.0-20181220203305-927f97764cc3
golang.org/x/crypto@v0.0.0-20200622213623-75b288015ac9 golang.org/x/net@v0.0.0-20190404232315-eb5bcb51f2a3
golang.org/x/crypto@v0.0.0-20200622213623-75b288015ac9 golang.org/x/sys@v0.0.0-20190412213103-97732733099d
github.com/googleapis/gnostic@v0.4.1 github.com/docopt/docopt-go@v0.0.0-20180111231733-ee0de3bc6815
github.com/googleapis/gnostic@v0.4.1 github.com/golang/protobuf@v1.3.3
github.com/googleapis/gnostic@v0.4.1 github.com/kr/pretty@v0.2.0
github.com/googleapis/gnostic@v0.4.1 gopkg.in/check.v1@v1.0.0-20190902080502-41f04d3bba15
github.com/googleapis/gnostic@v0.4.1 gopkg.in/yaml.v2@v2.2.2
github.com/rogpeppe/go-internal@v1.3.0 gopkg.in/errgo.v2@v2.1.0
github.com/Azure/go-autorest/autorest/adal@v0.9.0 golang.org/x/crypto@v0.0.0-20200622213623-75b288015ac9
github.com/Azure/go-autorest/autorest/adal@v0.9.0 github.com/dgrijalva/jwt-go@v3.2.0+incompatible
github.com/Azure/go-autorest/autorest/adal@v0.9.0 github.com/Azure/go-autorest/tracing@v0.6.0
github.com/Azure/go-autorest/autorest/adal@v0.9.0 github.com/Azure/go-autorest/autorest/mocks@v0.4.0
golang.org/x/net@v0.0.0-20190311183353-d8887717615a golang.org/x/crypto@v0.0.0-20190308221718-c2843e01d9a2
golang.org/x/net@v0.0.0-20190311183353-d8887717615a golang.org/x/text@v0.3.0
github.com/kr/pretty@v0.2.0 github.com/kr/text@v0.1.0
golang.org/x/tools@v0.0.0-20190311212946-11955173bddd golang.org/x/net@v0.0.0-20190311183353-d8887717615a
github.com/Azure/go-autorest/autorest/adal@v0.9.0 github.com/Azure/go-autorest/autorest/date@v0.3.0
google.golang.org/genproto@v0.0.0-20190819201941-24fa4b261c55 github.com/golang/protobuf@v1.3.2
google.golang.org/genproto@v0.0.0-20190819201941-24fa4b261c55 golang.org/x/exp@v0.0.0-20190121172915-509febef88a4
google.golang.org/genproto@v0.0.0-20190819201941-24fa4b261c55 golang.org/x/lint@v0.0.0-20190227174305-5b3e6a55c961
google.golang.org/genproto@v0.0.0-20190819201941-24fa4b261c55 golang.org/x/tools@v0.0.0-20190226205152-f727befe758c
google.golang.org/genproto@v0.0.0-20190819201941-24fa4b261c55 google.golang.org/grpc@v1.19.0
google.golang.org/genproto@v0.0.0-20190819201941-24fa4b261c55 honnef.co/go/tools@v0.0.0-20190102054323-c2f93a96b099
golang.org/x/tools@v0.0.0-20191125144606-a911d9008d1f golang.org/x/net@v0.0.0-20190620200207-3b0461eec859
golang.org/x/tools@v0.0.0-20191125144606-a911d9008d1f golang.org/x/sync@v0.0.0-20190423024810-112230192c58
golang.org/x/tools@v0.0.0-20191125144606-a911d9008d1f golang.org/x/xerrors@v0.0.0-20190717185122-a985d3407aa7
github.com/kisielk/errcheck@v1.1.0 github.com/kisielk/gotool@v1.0.0
github.com/kisielk/errcheck@v1.1.0 golang.org/x/tools@v0.0.0-20180221164845-07fd8470d635
github.com/spf13/afero@v1.2.2 golang.org/x/text@v0.3.0
gopkg.in/yaml.v2@v2.2.1 gopkg.in/check.v1@v0.0.0-20161208181325-20d25e280405
github.com/Azure/go-autorest/autorest/adal@v0.9.0 github.com/Azure/go-autorest@v14.2.0+incompatible
github.com/Azure/go-autorest/autorest/date@v0.3.0 github.com/Azure/go-autorest@v14.2.0+incompatible
google.golang.org/appengine@v1.4.0 golang.org/x/text@v0.3.0
google.golang.org/appengine@v1.4.0 golang.org/x/net@v0.0.0-20180724234803-3673e40ba225
google.golang.org/appengine@v1.4.0 github.com/golang/protobuf@v1.2.0
github.com/Azure/go-autorest/tracing@v0.6.0 github.com/Azure/go-autorest@v14.2.0+incompatible
gopkg.in/yaml.v2@v2.2.4 gopkg.in/check.v1@v0.0.0-20161208181325-20d25e280405
github.com/onsi/gomega@v1.7.0 gopkg.in/yaml.v2@v2.2.1
github.com/onsi/gomega@v1.7.0 gopkg.in/tomb.v1@v1.0.0-20141024135613-dd632973f1e7
github.com/onsi/gomega@v1.7.0 gopkg.in/fsnotify.v1@v1.4.7
github.com/onsi/gomega@v1.7.0 golang.org/x/text@v0.3.0
github.com/onsi/gomega@v1.7.0 golang.org/x/sys@v0.0.0-20180909124046-d0be0721c37e
github.com/onsi/gomega@v1.7.0 golang.org/x/sync@v0.0.0-20180314180146-1d60e4601c6f
github.com/onsi/gomega@v1.7.0 golang.org/x/net@v0.0.0-20180906233101-161cd47e91fd
github.com/onsi/gomega@v1.7.0 github.com/onsi/ginkgo@v1.6.0
github.com/onsi/gomega@v1.7.0 github.com/hpcloud/tail@v1.0.0
github.com/onsi/gomega@v1.7.0 github.com/golang/protobuf@v1.2.0
github.com/onsi/gomega@v1.7.0 github.com/fsnotify/fsnotify@v1.4.7
golang.org/x/net@v0.0.0-20190620200207-3b0461eec859 golang.org/x/text@v0.3.0
golang.org/x/net@v0.0.0-20190620200207-3b0461eec859 golang.org/x/sys@v0.0.0-20190215142949-d0b11bdaac8a
golang.org/x/net@v0.0.0-20190620200207-3b0461eec859 golang.org/x/crypto@v0.0.0-20190308221718-c2843e01d9a2
github.com/sirupsen/logrus@v1.2.0 golang.org/x/sys@v0.0.0-20180905080454-ebe1bf3edb33
github.com/sirupsen/logrus@v1.2.0 golang.org/x/crypto@v0.0.0-20180904163835-0709b304e793
github.com/sirupsen/logrus@v1.2.0 github.com/stretchr/testify@v1.2.2
github.com/sirupsen/logrus@v1.2.0 github.com/stretchr/objx@v0.1.1
github.com/sirupsen/logrus@v1.2.0 github.com/pmezard/go-difflib@v1.0.0
github.com/sirupsen/logrus@v1.2.0 github.com/konsorten/go-windows-terminal-sequences@v1.0.1
github.com/sirupsen/logrus@v1.2.0 github.com/davecgh/go-spew@v1.1.1
golang.org/x/lint@v0.0.0-20190227174305-5b3e6a55c961 golang.org/x/tools@v0.0.0-20190226205152-f727befe758c
github.com/stretchr/testify@v1.3.0 github.com/stretchr/objx@v0.1.0
github.com/go-openapi/swag@v0.19.5 github.com/davecgh/go-spew@v1.1.1
github.com/go-openapi/swag@v0.19.5 github.com/kr/pretty@v0.1.0
github.com/go-openapi/swag@v0.19.5 github.com/mailru/easyjson@v0.0.0-20190614124828-94de47d64c63
github.com/go-openapi/swag@v0.19.5 github.com/stretchr/testify@v1.3.0
github.com/go-openapi/swag@v0.19.5 gopkg.in/check.v1@v1.0.0-20180628173108-788fd7840127
github.com/go-openapi/swag@v0.19.5 gopkg.in/yaml.v2@v2.2.2
github.com/evanphx/json-patch@v0.0.0-20200808040245-162e5629780b github.com/jessevdk/go-flags@v1.4.0
github.com/evanphx/json-patch@v0.0.0-20200808040245-162e5629780b github.com/pkg/errors@v0.8.1
gopkg.in/yaml.v2@v2.2.8 gopkg.in/check.v1@v0.0.0-20161208181325-20d25e280405
google.golang.org/grpc@v1.19.0 cloud.google.com/go@v0.26.0
google.golang.org/grpc@v1.19.0 github.com/BurntSushi/toml@v0.3.1
google.golang.org/grpc@v1.19.0 github.com/client9/misspell@v0.3.4
google.golang.org/grpc@v1.19.0 github.com/golang/glog@v0.0.0-20160126235308-23def4e6c14b
google.golang.org/grpc@v1.19.0 github.com/golang/mock@v1.1.1
google.golang.org/grpc@v1.19.0 github.com/golang/protobuf@v1.2.0
google.golang.org/grpc@v1.19.0 golang.org/x/lint@v0.0.0-20181026193005-c67002cb31c3
google.golang.org/grpc@v1.19.0 golang.org/x/net@v0.0.0-20180826012351-8a410e7b638d
google.golang.org/grpc@v1.19.0 golang.org/x/oauth2@v0.0.0-20180821212333-d2e6202438be
google.golang.org/grpc@v1.19.0 golang.org/x/sync@v0.0.0-20180314180146-1d60e4601c6f
google.golang.org/grpc@v1.19.0 golang.org/x/sys@v0.0.0-20180830151530-49385e6e1522
google.golang.org/grpc@v1.19.0 golang.org/x/text@v0.3.0
google.golang.org/grpc@v1.19.0 golang.org/x/tools@v0.0.0-20190114222345-bf090417da8b
google.golang.org/grpc@v1.19.0 google.golang.org/appengine@v1.1.0
google.golang.org/grpc@v1.19.0 google.golang.org/genproto@v0.0.0-20180817151627-c66870c02cf8
google.golang.org/grpc@v1.19.0 honnef.co/go/tools@v0.0.0-20190102054323-c2f93a96b099
github.com/stretchr/testify@v1.3.0 github.com/pmezard/go-difflib@v1.0.0
github.com/stretchr/testify@v1.3.0 github.com/davecgh/go-spew@v1.1.0
github.com/json-iterator/go@v1.1.8 github.com/stretchr/testify@v1.3.0
github.com/json-iterator/go@v1.1.8 github.com/modern-go/reflect2@v0.0.0-20180701023420-4b7aa43c6742
github.com/json-iterator/go@v1.1.8 github.com/modern-go/concurrent@v0.0.0-20180228061459-e0a39a4cb421
github.com/json-iterator/go@v1.1.8 github.com/google/gofuzz@v1.0.0
golang.org/x/mod@v0.0.0-20190513183733-4bf6d317e70e golang.org/x/crypto@v0.0.0-20190510104115-cbcb75029529
golang.org/x/tools@v0.0.0-20190226205152-f727befe758c golang.org/x/net@v0.0.0-20190213061140-3a22650c66bd
golang.org/x/tools@v0.0.0-20190226205152-f727befe758c golang.org/x/sync@v0.0.0-20181108010431-42b317875d0f
golang.org/x/tools@v0.0.0-20190226205152-f727befe758c google.golang.org/appengine@v1.4.0
github.com/prometheus/common@v0.4.1 github.com/alecthomas/template@v0.0.0-20160405071501-a0175ee3bccc
github.com/prometheus/common@v0.4.1 github.com/alecthomas/units@v0.0.0-20151022065526-2efee857e7cf
github.com/prometheus/common@v0.4.1 github.com/beorn7/perks@v0.0.0-20180321164747-3a771d992973
github.com/prometheus/common@v0.4.1 github.com/go-kit/kit@v0.8.0
github.com/prometheus/common@v0.4.1 github.com/go-logfmt/logfmt@v0.3.0
github.com/prometheus/common@v0.4.1 github.com/go-stack/stack@v1.8.0
github.com/prometheus/common@v0.4.1 github.com/gogo/protobuf@v1.1.1
github.com/prometheus/common@v0.4.1 github.com/golang/protobuf@v1.2.0
github.com/prometheus/common@v0.4.1 github.com/julienschmidt/httprouter@v1.2.0
github.com/prometheus/common@v0.4.1 github.com/kr/logfmt@v0.0.0-20140226030751-b84e30acd515
github.com/prometheus/common@v0.4.1 github.com/matttproud/golang_protobuf_extensions@v1.0.1
github.com/prometheus/common@v0.4.1 github.com/mwitkow/go-conntrack@v0.0.0-20161129095857-cc309e4a2223
github.com/prometheus/common@v0.4.1 github.com/pkg/errors@v0.8.0
github.com/prometheus/common@v0.4.1 github.com/prometheus/client_golang@v0.9.1
github.com/prometheus/common@v0.4.1 github.com/prometheus/client_model@v0.0.0-20180712105110-5c3871d89910
github.com/prometheus/common@v0.4.1 github.com/prometheus/procfs@v0.0.0-20181005140218-185b4288413d
github.com/prometheus/common@v0.4.1 github.com/sirupsen/logrus@v1.2.0
github.com/prometheus/common@v0.4.1 golang.org/x/net@v0.0.0-20181114220301-adae6a3d119a
github.com/prometheus/common@v0.4.1 golang.org/x/sync@v0.0.0-20181108010431-42b317875d0f
github.com/prometheus/common@v0.4.1 golang.org/x/sys@v0.0.0-20181116152217-5ac8a444bdc5
github.com/prometheus/common@v0.4.1 gopkg.in/alecthomas/kingpin.v2@v2.2.6
github.com/prometheus/common@v0.4.1 gopkg.in/yaml.v2@v2.2.1
gopkg.in/yaml.v2@v2.3.0 gopkg.in/check.v1@v0.0.0-20161208181325-20d25e280405
github.com/gogo/protobuf@v1.3.1 github.com/kisielk/errcheck@v1.2.0
github.com/gogo/protobuf@v1.3.1 github.com/kisielk/gotool@v1.0.0
github.com/Azure/go-autorest/autorest/mocks@v0.4.1 github.com/Azure/go-autorest@v14.2.0+incompatible
github.com/Azure/go-autorest/autorest@v0.11.4 github.com/Azure/go-autorest@v14.2.0+incompatible
github.com/Azure/go-autorest/autorest@v0.11.4 github.com/Azure/go-autorest/autorest/adal@v0.9.0
github.com/Azure/go-autorest/autorest@v0.11.4 github.com/Azure/go-autorest/autorest/mocks@v0.4.0
github.com/Azure/go-autorest/autorest@v0.11.4 github.com/Azure/go-autorest/logger@v0.2.0
github.com/Azure/go-autorest/autorest@v0.11.4 github.com/Azure/go-autorest/tracing@v0.6.0
github.com/Azure/go-autorest/autorest@v0.11.4 golang.org/x/crypto@v0.0.0-20200622213623-75b288015ac9
github.com/prometheus/client_model@v0.0.0-20190812154241-14fe0d1b01d4 github.com/golang/protobuf@v1.2.0
github.com/prometheus/client_model@v0.0.0-20190812154241-14fe0d1b01d4 golang.org/x/sync@v0.0.0-20181108010431-42b317875d0f
github.com/pborman/uuid@v1.2.1 github.com/google/uuid@v1.0.0
github.com/prometheus/client_model@v0.0.0-20190129233127-fd36f4220a90 golang.org/x/sync@v0.0.0-20181108010431-42b317875d0f
honnef.co/go/tools@v0.0.1-2019.2.3 golang.org/x/mod@v0.0.0-20190513183733-4bf6d317e70e
honnef.co/go/tools@v0.0.1-2019.2.3 github.com/rogpeppe/go-internal@v1.3.0
honnef.co/go/tools@v0.0.1-2019.2.3 github.com/kisielk/gotool@v1.0.0
honnef.co/go/tools@v0.0.1-2019.2.3 github.com/google/renameio@v0.1.0
honnef.co/go/tools@v0.0.1-2019.2.3 github.com/BurntSushi/toml@v0.3.1
honnef.co/go/tools@v0.0.1-2019.2.3 golang.org/x/tools@v0.0.0-20190621195816-6e04913cbbac
k8s.io/kube-openapi@v0.0.0-20200410145947-61e04a5be9a6 github.com/go-openapi/spec@v0.0.0-20160808142527-6aced65f8501
k8s.io/kube-openapi@v0.0.0-20200410145947-61e04a5be9a6 github.com/PuerkitoBio/purell@v1.0.0
k8s.io/kube-openapi@v0.0.0-20200410145947-61e04a5be9a6 github.com/PuerkitoBio/urlesc@v0.0.0-20160726150825-5bd2802263f2
k8s.io/kube-openapi@v0.0.0-20200410145947-61e04a5be9a6 github.com/davecgh/go-spew@v1.1.0
k8s.io/kube-openapi@v0.0.0-20200410145947-61e04a5be9a6 github.com/emicklei/go-restful@v0.0.0-20170410110728-ff4f55a20633
k8s.io/kube-openapi@v0.0.0-20200410145947-61e04a5be9a6 github.com/ghodss/yaml@v0.0.0-20150909031657-73d445a93680
k8s.io/kube-openapi@v0.0.0-20200410145947-61e04a5be9a6 github.com/go-openapi/jsonpointer@v0.0.0-20160704185906-46af16f9f7b1
k8s.io/kube-openapi@v0.0.0-20200410145947-61e04a5be9a6 github.com/go-openapi/jsonreference@v0.0.0-20160704190145-13c6e3589ad9
k8s.io/kube-openapi@v0.0.0-20200410145947-61e04a5be9a6 github.com/NYTimes/gziphandler@v0.0.0-20170623195520-56545f4a5d46
k8s.io/kube-openapi@v0.0.0-20200410145947-61e04a5be9a6 github.com/go-openapi/swag@v0.0.0-20160704191624-1d0bd113de87
k8s.io/kube-openapi@v0.0.0-20200410145947-61e04a5be9a6 github.com/golang/protobuf@v0.0.0-20161109072736-4bd1920723d7
k8s.io/kube-openapi@v0.0.0-20200410145947-61e04a5be9a6 github.com/google/gofuzz@v1.0.0
k8s.io/kube-openapi@v0.0.0-20200410145947-61e04a5be9a6 github.com/googleapis/gnostic@v0.0.0-20170729233727-0c5108395e2d
k8s.io/kube-openapi@v0.0.0-20200410145947-61e04a5be9a6 github.com/json-iterator/go@v1.1.6
k8s.io/kube-openapi@v0.0.0-20200410145947-61e04a5be9a6 github.com/mailru/easyjson@v0.0.0-20160728113105-d5b7844b561a
k8s.io/kube-openapi@v0.0.0-20200410145947-61e04a5be9a6 github.com/munnerz/goautoneg@v0.0.0-20120707110453-a547fc61f48d
k8s.io/kube-openapi@v0.0.0-20200410145947-61e04a5be9a6 github.com/onsi/ginkgo@v0.0.0-20170829012221-11459a886d9c
k8s.io/kube-openapi@v0.0.0-20200410145947-61e04a5be9a6 github.com/onsi/gomega@v0.0.0-20170829124025-dcabb60a477c
k8s.io/kube-openapi@v0.0.0-20200410145947-61e04a5be9a6 github.com/spf13/pflag@v0.0.0-20170130214245-9ff6c6923cff
k8s.io/kube-openapi@v0.0.0-20200410145947-61e04a5be9a6 github.com/stretchr/testify@v1.3.0
k8s.io/kube-openapi@v0.0.0-20200410145947-61e04a5be9a6 golang.org/x/net@v0.0.0-20170114055629-f2499483f923
k8s.io/kube-openapi@v0.0.0-20200410145947-61e04a5be9a6 golang.org/x/sys@v0.0.0-20170830134202-bb24a47a89ea
k8s.io/kube-openapi@v0.0.0-20200410145947-61e04a5be9a6 golang.org/x/text@v0.0.0-20160726164857-2910a502d2bf
k8s.io/kube-openapi@v0.0.0-20200410145947-61e04a5be9a6 golang.org/x/tools@v0.0.0-20181011042414-1f849cf54d09
k8s.io/kube-openapi@v0.0.0-20200410145947-61e04a5be9a6 gopkg.in/yaml.v2@v2.2.1
k8s.io/kube-openapi@v0.0.0-20200410145947-61e04a5be9a6 k8s.io/gengo@v0.0.0-20190128074634-0689ccc1d7d6
k8s.io/kube-openapi@v0.0.0-20200410145947-61e04a5be9a6 k8s.io/klog@v0.0.0-20181102134211-b9b56d5dfc92
k8s.io/kube-openapi@v0.0.0-20200410145947-61e04a5be9a6 sigs.k8s.io/structured-merge-diff/v3@v3.0.0-20200116222232-67a7b8c61874
k8s.io/kube-openapi@v0.0.0-20200410145947-61e04a5be9a6 sigs.k8s.io/yaml@v1.1.0
k8s.io/apimachinery@v0.18.8 sigs.k8s.io/structured-merge-diff/v3@v3.0.0
k8s.io/apimachinery@v0.18.8 k8s.io/kube-openapi@v0.0.0-20200410145947-61e04a5be9a6
k8s.io/apimachinery@v0.18.8 k8s.io/klog@v1.0.0
k8s.io/apimachinery@v0.18.8 gopkg.in/yaml.v2@v2.2.8
k8s.io/apimachinery@v0.18.8 gopkg.in/inf.v0@v0.9.1
k8s.io/apimachinery@v0.18.8 gopkg.in/check.v1@v1.0.0-20180628173108-788fd7840127
k8s.io/apimachinery@v0.18.8 golang.org/x/text@v0.3.2
k8s.io/apimachinery@v0.18.8 golang.org/x/sys@v0.0.0-20191022100944-742c48ecaeb7
k8s.io/apimachinery@v0.18.8 golang.org/x/net@v0.0.0-20191004110552-13f9640d40b9
k8s.io/apimachinery@v0.18.8 github.com/stretchr/testify@v1.4.0
k8s.io/apimachinery@v0.18.8 github.com/spf13/pflag@v1.0.5
k8s.io/apimachinery@v0.18.8 github.com/onsi/gomega@v1.7.0
k8s.io/apimachinery@v0.18.8 github.com/onsi/ginkgo@v1.11.0
k8s.io/apimachinery@v0.18.8 github.com/mxk/go-flowrate@v0.0.0-20140419014527-cca7078d478f
k8s.io/apimachinery@v0.18.8 github.com/modern-go/reflect2@v1.0.1
k8s.io/apimachinery@v0.18.8 github.com/kr/pretty@v0.1.0
k8s.io/apimachinery@v0.18.8 github.com/json-iterator/go@v1.1.8
k8s.io/apimachinery@v0.18.8 github.com/hashicorp/golang-lru@v0.5.1
k8s.io/apimachinery@v0.18.8 github.com/googleapis/gnostic@v0.1.0
k8s.io/apimachinery@v0.18.8 github.com/google/uuid@v1.1.1
k8s.io/apimachinery@v0.18.8 github.com/google/gofuzz@v1.1.0
k8s.io/apimachinery@v0.18.8 github.com/google/go-cmp@v0.3.0
k8s.io/apimachinery@v0.18.8 github.com/golang/protobuf@v1.3.2
k8s.io/apimachinery@v0.18.8 github.com/golang/groupcache@v0.0.0-20160516000752-02826c3e7903
k8s.io/kube-openapi@v0.0.0-20200811211545-daf3cbb84823 github.com/spf13/pflag@v0.0.0-20170130214245-9ff6c6923cff
k8s.io/apimachinery@v0.18.8 github.com/evanphx/json-patch@v0.0.0-20200808040245-162e5629780b
k8s.io/apimachinery@v0.18.8 github.com/elazarl/goproxy@v0.0.0-20180725130230-947c36da3153
k8s.io/apimachinery@v0.18.8 github.com/docker/spdystream@v0.0.0-20160310174837-449fdfce4d96
k8s.io/apimachinery@v0.18.8 github.com/davecgh/go-spew@v1.1.1
k8s.io/klog/v2@v2.0.0 github.com/go-logr/logr@v0.1.0
k8s.io/kube-openapi@v0.0.0-20200811211545-daf3cbb84823 github.com/NYTimes/gziphandler@v0.0.0-20170623195520-56545f4a5d46
k8s.io/kube-openapi@v0.0.0-20200811211545-daf3cbb84823 github.com/PuerkitoBio/purell@v1.0.0
k8s.io/kube-openapi@v0.0.0-20200811211545-daf3cbb84823 github.com/PuerkitoBio/urlesc@v0.0.0-20160726150825-5bd2802263f2
k8s.io/kube-openapi@v0.0.0-20200811211545-daf3cbb84823 github.com/davecgh/go-spew@v1.1.0
k8s.io/api@v0.18.8 github.com/gogo/protobuf@v1.3.1
k8s.io/api@v0.18.8 github.com/stretchr/testify@v1.4.0
k8s.io/api@v0.18.8 k8s.io/apimachinery@v0.18.8
k8s.io/kube-openapi@v0.0.0-20200811211545-daf3cbb84823 github.com/emicklei/go-restful@v0.0.0-20170410110728-ff4f55a20633
k8s.io/utils@v0.0.0-20200821003339-5e75c0163111 k8s.io/klog/v2@v2.0.0
k8s.io/utils@v0.0.0-20200821003339-5e75c0163111 github.com/stretchr/testify@v1.3.0
k8s.io/utils@v0.0.0-20200821003339-5e75c0163111 github.com/spf13/afero@v1.2.2
k8s.io/utils@v0.0.0-20200821003339-5e75c0163111 github.com/davecgh/go-spew@v1.1.1
k8s.io/kube-openapi@v0.0.0-20200811211545-daf3cbb84823 github.com/ghodss/yaml@v0.0.0-20150909031657-73d445a93680
k8s.io/kube-openapi@v0.0.0-20200811211545-daf3cbb84823 github.com/go-openapi/jsonpointer@v0.0.0-20160704185906-46af16f9f7b1
k8s.io/kube-openapi@v0.0.0-20200811211545-daf3cbb84823 github.com/go-openapi/jsonreference@v0.0.0-20160704190145-13c6e3589ad9
k8s.io/kube-openapi@v0.0.0-20200811211545-daf3cbb84823 github.com/go-openapi/spec@v0.0.0-20160808142527-6aced65f8501
k8s.io/kube-openapi@v0.0.0-20200811211545-daf3cbb84823 github.com/go-openapi/swag@v0.0.0-20160704191624-1d0bd113de87
k8s.io/kube-openapi@v0.0.0-20200811211545-daf3cbb84823 github.com/golang/protobuf@v1.3.3
k8s.io/kube-openapi@v0.0.0-20200811211545-daf3cbb84823 github.com/google/go-cmp@v0.4.0
k8s.io/kube-openapi@v0.0.0-20200811211545-daf3cbb84823 github.com/google/gofuzz@v1.0.0
k8s.io/kube-openapi@v0.0.0-20200811211545-daf3cbb84823 github.com/googleapis/gnostic@v0.4.1
k8s.io/klog@v1.0.0 github.com/go-logr/logr@v0.1.0
k8s.io/apimachinery@v0.18.8 sigs.k8s.io/yaml@v1.2.0
k8s.io/kube-openapi@v0.0.0-20200811211545-daf3cbb84823 github.com/mailru/easyjson@v0.0.0-20160728113105-d5b7844b561a
k8s.io/kube-openapi@v0.0.0-20200811211545-daf3cbb84823 sigs.k8s.io/yaml@v1.1.0
k8s.io/kube-openapi@v0.0.0-20200811211545-daf3cbb84823 sigs.k8s.io/structured-merge-diff/v3@v3.0.0-20200116222232-67a7b8c61874
k8s.io/kube-openapi@v0.0.0-20200811211545-daf3cbb84823 k8s.io/klog/v2@v2.0.0
k8s.io/kube-openapi@v0.0.0-20200811211545-daf3cbb84823 k8s.io/gengo@v0.0.0-20200413195148-3a45101e95ac
k8s.io/kube-openapi@v0.0.0-20200811211545-daf3cbb84823 github.com/munnerz/goautoneg@v0.0.0-20120707110453-a547fc61f48d
k8s.io/kube-openapi@v0.0.0-20200811211545-daf3cbb84823 github.com/onsi/ginkgo@v0.0.0-20170829012221-11459a886d9c
k8s.io/kube-openapi@v0.0.0-20200811211545-daf3cbb84823 gopkg.in/yaml.v2@v2.2.2
k8s.io/kube-openapi@v0.0.0-20200811211545-daf3cbb84823 golang.org/x/tools@v0.0.0-20181011042414-1f849cf54d09
k8s.io/kube-openapi@v0.0.0-20200811211545-daf3cbb84823 golang.org/x/net@v0.0.0-20200324143707-d3edc9973b7e
k8s.io/kube-openapi@v0.0.0-20200811211545-daf3cbb84823 github.com/stretchr/testify@v1.3.0
k8s.io/apimachinery@v0.18.8 github.com/gogo/protobuf@v1.3.1
k8s.io/kube-openapi@v0.0.0-20200811211545-daf3cbb84823 github.com/onsi/gomega@v0.0.0-20170829124025-dcabb60a477c
k8s.io/kube-openapi@v0.0.0-20200811211545-daf3cbb84823 github.com/json-iterator/go@v1.1.6
sigs.k8s.io/yaml@v1.2.0 github.com/davecgh/go-spew@v1.1.1
sigs.k8s.io/structured-merge-diff/v2@v2.0.1 gopkg.in/yaml.v2@v2.2.1
sigs.k8s.io/structured-merge-diff/v2@v2.0.1 github.com/google/gofuzz@v1.0.0
sigs.k8s.io/structured-merge-diff/v2@v2.0.1 github.com/json-iterator/go@v1.1.6
sigs.k8s.io/structured-merge-diff/v2@v2.0.1 github.com/modern-go/concurrent@v0.0.0-20180306012644-bacd9c7ef1dd
sigs.k8s.io/structured-merge-diff/v2@v2.0.1 github.com/modern-go/reflect2@v1.0.1
sigs.k8s.io/structured-merge-diff/v3@v3.0.0 github.com/modern-go/reflect2@v1.0.1
sigs.k8s.io/structured-merge-diff/v3@v3.0.0 github.com/modern-go/concurrent@v0.0.0-20180306012644-bacd9c7ef1dd
sigs.k8s.io/structured-merge-diff/v3@v3.0.0 github.com/json-iterator/go@v1.1.6
sigs.k8s.io/structured-merge-diff/v3@v3.0.0 github.com/google/gofuzz@v1.0.0
sigs.k8s.io/structured-merge-diff/v3@v3.0.0 gopkg.in/yaml.v2@v2.2.1
sigs.k8s.io/structured-merge-diff/v2@v2.0.1 github.com/stretchr/testify@v1.3.0
sigs.k8s.io/structured-merge-diff/v3@v3.0.0-20200116222232-67a7b8c61874 gopkg.in/yaml.v2@v2.2.1
sigs.k8s.io/structured-merge-diff/v3@v3.0.0-20200116222232-67a7b8c61874 github.com/google/gofuzz@v1.0.0
sigs.k8s.io/structured-merge-diff/v3@v3.0.0-20200116222232-67a7b8c61874 github.com/json-iterator/go@v1.1.6
sigs.k8s.io/structured-merge-diff/v3@v3.0.0-20200116222232-67a7b8c61874 github.com/modern-go/concurrent@v0.0.0-20180306012644-bacd9c7ef1dd
sigs.k8s.io/structured-merge-diff/v3@v3.0.0-20200116222232-67a7b8c61874 github.com/modern-go/reflect2@v1.0.1
sigs.k8s.io/yaml@v1.2.0 gopkg.in/yaml.v2@v2.2.8
