github.com/projecteru2/minions github.com/Azure/go-autorest/autorest@v0.11.4
github.com/projecteru2/minions github.com/Azure/go-autorest/autorest/adal@v0.9.2
github.com/projecteru2/minions github.com/coreos/etcd@v3.3.25+incompatible
github.com/projecteru2/minions github.com/coreos/go-systemd@v0.0.0-20191104093116-d3cd4ed1dbcf
github.com/projecteru2/minions github.com/docker/distribution@v2.7.1+incompatible
github.com/projecteru2/minions github.com/docker/docker@v17.12.0-ce-rc1.0.20180616010903-de0abf4315fd+incompatible
github.com/projecteru2/minions github.com/docker/go-connections@v0.4.0
github.com/projecteru2/minions github.com/docker/go-plugins-helpers@v0.0.0-20200102110956-c9a8a2d92ccc
github.com/projecteru2/minions github.com/docker/go-units@v0.4.0
github.com/projecteru2/minions github.com/go-openapi/spec@v0.19.9
github.com/projecteru2/minions github.com/googleapis/gnostic@v0.0.0-20170729233727-0c5108395e2d
github.com/projecteru2/minions github.com/gophercloud/gophercloud@v0.12.0
github.com/projecteru2/minions github.com/imdario/mergo@v0.3.11
github.com/projecteru2/minions github.com/kelseyhightower/envconfig@v1.4.0
github.com/projecteru2/minions github.com/opencontainers/go-digest@v1.0.0
github.com/projecteru2/minions github.com/opencontainers/image-spec@v1.0.1
github.com/projecteru2/minions github.com/pborman/uuid@v1.2.1
github.com/projecteru2/minions github.com/pkg/errors@v0.8.1
github.com/projecteru2/minions github.com/projectcalico/go-json@v0.0.0-20161128004156-6219dc7339ba
github.com/projecteru2/minions github.com/projectcalico/go-yaml-wrapper@v0.0.0-20191112210931-090425220c54
github.com/projecteru2/minions github.com/projectcalico/libcalico-go@v3.4.0-0.dev+incompatible
github.com/projecteru2/minions github.com/projectcalico/libnetwork-plugin@v1.1.3-0.20180524185918-f42c4fce3cdb
github.com/projecteru2/minions github.com/satori/go.uuid@v1.2.0
github.com/projecteru2/minions github.com/sirupsen/logrus@v1.6.0
github.com/projecteru2/minions github.com/stretchr/testify@v1.5.1
github.com/projecteru2/minions github.com/urfave/cli/v2@v2.2.0
github.com/projecteru2/minions github.com/vishvananda/netlink@v1.1.0
github.com/projecteru2/minions go.etcd.io/etcd@v3.3.1+incompatible
github.com/projecteru2/minions go.uber.org/automaxprocs@v1.3.0
github.com/projecteru2/minions google.golang.org/grpc@v1.31.1
github.com/projecteru2/minions gopkg.in/go-playground/validator.v8@v8.18.2
github.com/projecteru2/minions k8s.io/api@v0.15.12
github.com/projecteru2/minions k8s.io/apimachinery@v0.15.12
github.com/projecteru2/minions k8s.io/client-go@v0.15.12
github.com/projecteru2/minions k8s.io/kube-openapi@v0.0.0-20190228160746-b3a7cee44a30
github.com/projecteru2/minions k8s.io/utils@v0.0.0-20200821003339-5e75c0163111
github.com/stretchr/testify@v1.5.1 github.com/davecgh/go-spew@v1.1.0
github.com/stretchr/testify@v1.5.1 github.com/pmezard/go-difflib@v1.0.0
github.com/stretchr/testify@v1.5.1 github.com/stretchr/objx@v0.1.0
github.com/stretchr/testify@v1.5.1 gopkg.in/yaml.v2@v2.2.2
golang.org/x/tools@v0.0.0-20190311212946-11955173bddd golang.org/x/net@v0.0.0-20190311183353-d8887717615a
google.golang.org/appengine@v1.4.0 golang.org/x/text@v0.3.0
google.golang.org/appengine@v1.4.0 golang.org/x/net@v0.0.0-20180724234803-3673e40ba225
google.golang.org/appengine@v1.4.0 github.com/golang/protobuf@v1.2.0
golang.org/x/lint@v0.0.0-20190313153728-d0100b6bd8b3 golang.org/x/tools@v0.0.0-20190311212946-11955173bddd
golang.org/x/tools@v0.0.0-20190524140312-2c0ae7006135 golang.org/x/sync@v0.0.0-20190423024810-112230192c58
golang.org/x/tools@v0.0.0-20190524140312-2c0ae7006135 golang.org/x/net@v0.0.0-20190311183353-d8887717615a
google.golang.org/grpc@v1.23.0 honnef.co/go/tools@v0.0.0-20190523083050-ea95bdfd59fc
google.golang.org/grpc@v1.23.0 google.golang.org/genproto@v0.0.0-20180817151627-c66870c02cf8
google.golang.org/grpc@v1.23.0 google.golang.org/appengine@v1.1.0
google.golang.org/grpc@v1.23.0 golang.org/x/tools@v0.0.0-20190524140312-2c0ae7006135
google.golang.org/grpc@v1.23.0 golang.org/x/sys@v0.0.0-20190215142949-d0b11bdaac8a
google.golang.org/grpc@v1.23.0 golang.org/x/oauth2@v0.0.0-20180821212333-d2e6202438be
google.golang.org/grpc@v1.23.0 golang.org/x/net@v0.0.0-20190311183353-d8887717615a
google.golang.org/grpc@v1.23.0 golang.org/x/lint@v0.0.0-20190313153728-d0100b6bd8b3
google.golang.org/grpc@v1.23.0 github.com/google/go-cmp@v0.2.0
google.golang.org/grpc@v1.23.0 github.com/golang/protobuf@v1.2.0
google.golang.org/grpc@v1.23.0 github.com/golang/mock@v1.1.1
google.golang.org/grpc@v1.23.0 github.com/golang/glog@v0.0.0-20160126235308-23def4e6c14b
google.golang.org/grpc@v1.23.0 github.com/client9/misspell@v0.3.4
google.golang.org/grpc@v1.23.0 github.com/BurntSushi/toml@v0.3.1
google.golang.org/grpc@v1.23.0 cloud.google.com/go@v0.26.0
google.golang.org/appengine@v1.5.0 golang.org/x/text@v0.3.0
google.golang.org/appengine@v1.5.0 golang.org/x/net@v0.0.0-20180724234803-3673e40ba225
google.golang.org/appengine@v1.5.0 github.com/golang/protobuf@v1.2.0
github.com/kr/text@v0.1.0 github.com/kr/pty@v1.1.1
golang.org/x/crypto@v0.0.0-20190510104115-cbcb75029529 golang.org/x/sys@v0.0.0-20190412213103-97732733099d
golang.org/x/crypto@v0.0.0-20190510104115-cbcb75029529 golang.org/x/net@v0.0.0-20190404232315-eb5bcb51f2a3
gopkg.in/errgo.v2@v2.1.0 gopkg.in/check.v1@v1.0.0-20180628173108-788fd7840127
github.com/pborman/uuid@v1.2.1 github.com/google/uuid@v1.0.0
github.com/Azure/go-autorest/autorest/adal@v0.9.2 github.com/Azure/go-autorest@v14.2.0+incompatible
github.com/Azure/go-autorest/autorest/adal@v0.9.2 github.com/Azure/go-autorest/autorest/date@v0.3.0
github.com/Azure/go-autorest/autorest/adal@v0.9.2 github.com/Azure/go-autorest/autorest/mocks@v0.4.1
github.com/Azure/go-autorest/autorest/adal@v0.9.2 github.com/Azure/go-autorest/tracing@v0.6.0
github.com/Azure/go-autorest/autorest/adal@v0.9.2 github.com/dgrijalva/jwt-go@v3.2.0+incompatible
github.com/Azure/go-autorest/autorest/adal@v0.9.2 golang.org/x/crypto@v0.0.0-20200622213623-75b288015ac9
github.com/gophercloud/gophercloud@v0.12.0 golang.org/x/crypto@v0.0.0-20191202143827-86a70503ff7e
github.com/gophercloud/gophercloud@v0.12.0 golang.org/x/net@v0.0.0-20191126235420-ef20fe5d7933
github.com/gophercloud/gophercloud@v0.12.0 golang.org/x/sync@v0.0.0-20190911185100-cd5d95a43a6e
github.com/gophercloud/gophercloud@v0.12.0 golang.org/x/sys@v0.0.0-20191128015809-6d18c012aee9
github.com/gophercloud/gophercloud@v0.12.0 golang.org/x/text@v0.3.2
github.com/gophercloud/gophercloud@v0.12.0 golang.org/x/tools@v0.0.0-20191203134012-c197fd4bf371
github.com/gophercloud/gophercloud@v0.12.0 golang.org/x/xerrors@v0.0.0-20191011141410-1b5146add898
github.com/gophercloud/gophercloud@v0.12.0 gopkg.in/check.v1@v1.0.0-20190902080502-41f04d3bba15
github.com/gophercloud/gophercloud@v0.12.0 gopkg.in/yaml.v2@v2.2.7
gopkg.in/errgo.v2@v2.1.0 github.com/kr/pretty@v0.1.0
golang.org/x/net@v0.0.0-20190827160401-ba9fcec4b297 golang.org/x/text@v0.3.0
golang.org/x/net@v0.0.0-20190827160401-ba9fcec4b297 golang.org/x/sys@v0.0.0-20190215142949-d0b11bdaac8a
golang.org/x/net@v0.0.0-20190827160401-ba9fcec4b297 golang.org/x/crypto@v0.0.0-20190308221718-c2843e01d9a2
golang.org/x/crypto@v0.0.0-20191202143827-86a70503ff7e golang.org/x/net@v0.0.0-20190404232315-eb5bcb51f2a3
golang.org/x/crypto@v0.0.0-20191202143827-86a70503ff7e golang.org/x/sys@v0.0.0-20190412213103-97732733099d
github.com/urfave/cli/v2@v2.2.0 github.com/BurntSushi/toml@v0.3.1
github.com/urfave/cli/v2@v2.2.0 github.com/cpuguy83/go-md2man/v2@v2.0.0-20190314233015-f79a8a8ca69d
github.com/urfave/cli/v2@v2.2.0 gopkg.in/yaml.v2@v2.2.2
github.com/Azure/go-autorest/autorest/mocks@v0.4.1 github.com/Azure/go-autorest@v14.2.0+incompatible
go.uber.org/automaxprocs@v1.3.0 github.com/stretchr/testify@v1.4.0
go.uber.org/automaxprocs@v1.3.0 golang.org/x/lint@v0.0.0-20191125180803-fdd1cda4f05f
go.uber.org/automaxprocs@v1.3.0 honnef.co/go/tools@v0.0.1-2019.2.3
gopkg.in/yaml.v2@v2.2.2 gopkg.in/check.v1@v0.0.0-20161208181325-20d25e280405
github.com/Azure/go-autorest/tracing@v0.6.0 github.com/Azure/go-autorest@v14.2.0+incompatible
github.com/Azure/go-autorest/autorest@v0.11.4 github.com/Azure/go-autorest@v14.2.0+incompatible
github.com/Azure/go-autorest/autorest@v0.11.4 github.com/Azure/go-autorest/autorest/adal@v0.9.0
github.com/Azure/go-autorest/autorest@v0.11.4 github.com/Azure/go-autorest/autorest/mocks@v0.4.0
github.com/Azure/go-autorest/autorest@v0.11.4 github.com/Azure/go-autorest/logger@v0.2.0
github.com/Azure/go-autorest/autorest@v0.11.4 github.com/Azure/go-autorest/tracing@v0.6.0
github.com/Azure/go-autorest/autorest@v0.11.4 golang.org/x/crypto@v0.0.0-20200622213623-75b288015ac9
gopkg.in/yaml.v2@v2.2.8 gopkg.in/check.v1@v0.0.0-20161208181325-20d25e280405
google.golang.org/grpc@v1.31.1 github.com/cncf/udpa/go@v0.0.0-20191209042840-269d4d468f6f
google.golang.org/grpc@v1.31.1 github.com/envoyproxy/go-control-plane@v0.9.4
google.golang.org/grpc@v1.31.1 github.com/golang/glog@v0.0.0-20160126235308-23def4e6c14b
google.golang.org/grpc@v1.31.1 github.com/golang/protobuf@v1.3.3
google.golang.org/grpc@v1.31.1 github.com/google/go-cmp@v0.4.0
google.golang.org/grpc@v1.31.1 golang.org/x/net@v0.0.0-20190311183353-d8887717615a
google.golang.org/grpc@v1.31.1 golang.org/x/oauth2@v0.0.0-20180821212333-d2e6202438be
google.golang.org/grpc@v1.31.1 golang.org/x/sys@v0.0.0-20190215142949-d0b11bdaac8a
google.golang.org/grpc@v1.31.1 google.golang.org/genproto@v0.0.0-20190819201941-24fa4b261c55
github.com/cncf/udpa/go@v0.0.0-20191209042840-269d4d468f6f github.com/envoyproxy/protoc-gen-validate@v0.1.0
github.com/cncf/udpa/go@v0.0.0-20191209042840-269d4d468f6f github.com/golang/protobuf@v1.3.2
github.com/cncf/udpa/go@v0.0.0-20191209042840-269d4d468f6f google.golang.org/grpc@v1.25.1
golang.org/x/crypto@v0.0.0-20200622213623-75b288015ac9 golang.org/x/net@v0.0.0-20190404232315-eb5bcb51f2a3
golang.org/x/crypto@v0.0.0-20200622213623-75b288015ac9 golang.org/x/sys@v0.0.0-20190412213103-97732733099d
github.com/Azure/go-autorest/autorest/date@v0.3.0 github.com/Azure/go-autorest@v14.2.0+incompatible
github.com/spf13/afero@v1.2.2 golang.org/x/text@v0.3.0
golang.org/x/net@v0.0.0-20190311183353-d8887717615a golang.org/x/crypto@v0.0.0-20190308221718-c2843e01d9a2
golang.org/x/net@v0.0.0-20190311183353-d8887717615a golang.org/x/text@v0.3.0
github.com/imdario/mergo@v0.3.11 gopkg.in/yaml.v2@v2.3.0
github.com/go-openapi/spec@v0.19.9 github.com/go-openapi/jsonpointer@v0.19.3
github.com/go-openapi/spec@v0.19.9 github.com/go-openapi/jsonreference@v0.19.4
github.com/go-openapi/spec@v0.19.9 github.com/go-openapi/swag@v0.19.5
github.com/go-openapi/spec@v0.19.9 github.com/stretchr/testify@v1.3.0
github.com/go-openapi/spec@v0.19.9 gopkg.in/yaml.v2@v2.2.4
github.com/stretchr/testify@v1.4.0 github.com/davecgh/go-spew@v1.1.0
github.com/stretchr/testify@v1.4.0 github.com/pmezard/go-difflib@v1.0.0
github.com/stretchr/testify@v1.4.0 github.com/stretchr/objx@v0.1.0
github.com/stretchr/testify@v1.4.0 gopkg.in/yaml.v2@v2.2.2
golang.org/x/net@v0.0.0-20190404232315-eb5bcb51f2a3 golang.org/x/crypto@v0.0.0-20190308221718-c2843e01d9a2
golang.org/x/net@v0.0.0-20190404232315-eb5bcb51f2a3 golang.org/x/text@v0.3.0
github.com/stretchr/testify@v1.3.0 github.com/davecgh/go-spew@v1.1.0
github.com/stretchr/testify@v1.3.0 github.com/pmezard/go-difflib@v1.0.0
github.com/stretchr/testify@v1.3.0 github.com/stretchr/objx@v0.1.0
golang.org/x/crypto@v0.0.0-20190308221718-c2843e01d9a2 golang.org/x/sys@v0.0.0-20190215142949-d0b11bdaac8a
github.com/Azure/go-autorest/autorest/adal@v0.9.0 github.com/Azure/go-autorest@v14.2.0+incompatible
github.com/Azure/go-autorest/autorest/adal@v0.9.0 github.com/Azure/go-autorest/autorest/date@v0.3.0
github.com/Azure/go-autorest/autorest/adal@v0.9.0 github.com/Azure/go-autorest/autorest/mocks@v0.4.0
github.com/Azure/go-autorest/autorest/adal@v0.9.0 github.com/Azure/go-autorest/tracing@v0.6.0
github.com/Azure/go-autorest/autorest/adal@v0.9.0 github.com/dgrijalva/jwt-go@v3.2.0+incompatible
github.com/Azure/go-autorest/autorest/adal@v0.9.0 golang.org/x/crypto@v0.0.0-20200622213623-75b288015ac9
github.com/go-openapi/swag@v0.19.5 github.com/davecgh/go-spew@v1.1.1
github.com/go-openapi/swag@v0.19.5 github.com/kr/pretty@v0.1.0
github.com/go-openapi/swag@v0.19.5 github.com/mailru/easyjson@v0.0.0-20190614124828-94de47d64c63
github.com/go-openapi/swag@v0.19.5 github.com/stretchr/testify@v1.3.0
github.com/go-openapi/swag@v0.19.5 gopkg.in/check.v1@v1.0.0-20180628173108-788fd7840127
github.com/go-openapi/swag@v0.19.5 gopkg.in/yaml.v2@v2.2.2
github.com/cpuguy83/go-md2man/v2@v2.0.0-20190314233015-f79a8a8ca69d github.com/pmezard/go-difflib@v1.0.0
github.com/cpuguy83/go-md2man/v2@v2.0.0-20190314233015-f79a8a8ca69d github.com/russross/blackfriday/v2@v2.0.1
github.com/cpuguy83/go-md2man/v2@v2.0.0-20190314233015-f79a8a8ca69d github.com/shurcooL/sanitized_anchor_name@v1.0.0
google.golang.org/grpc@v1.25.1 github.com/envoyproxy/go-control-plane@v0.9.0
google.golang.org/grpc@v1.25.1 github.com/envoyproxy/protoc-gen-validate@v0.1.0
google.golang.org/grpc@v1.25.1 github.com/golang/glog@v0.0.0-20160126235308-23def4e6c14b
google.golang.org/grpc@v1.25.1 github.com/golang/mock@v1.1.1
google.golang.org/grpc@v1.25.1 github.com/golang/protobuf@v1.3.2
google.golang.org/grpc@v1.25.1 github.com/google/go-cmp@v0.2.0
google.golang.org/grpc@v1.25.1 golang.org/x/net@v0.0.0-20190311183353-d8887717615a
google.golang.org/grpc@v1.25.1 golang.org/x/oauth2@v0.0.0-20180821212333-d2e6202438be
google.golang.org/grpc@v1.25.1 golang.org/x/sys@v0.0.0-20190215142949-d0b11bdaac8a
google.golang.org/grpc@v1.25.1 google.golang.org/genproto@v0.0.0-20190819201941-24fa4b261c55
github.com/go-openapi/jsonpointer@v0.19.3 github.com/go-openapi/swag@v0.19.5
github.com/go-openapi/jsonpointer@v0.19.3 github.com/mailru/easyjson@v0.0.0-20190626092158-b2ccc519800e
github.com/go-openapi/jsonpointer@v0.19.3 github.com/stretchr/testify@v1.3.0
gopkg.in/yaml.v2@v2.2.7 gopkg.in/check.v1@v0.0.0-20161208181325-20d25e280405
github.com/vishvananda/netlink@v1.1.0 github.com/vishvananda/netns@v0.0.0-20191106174202-0a2b9b5464df
github.com/vishvananda/netlink@v1.1.0 golang.org/x/sys@v0.0.0-20190606203320-7fc4e5ec1444
github.com/rogpeppe/go-internal@v1.3.0 gopkg.in/errgo.v2@v2.1.0
github.com/kr/pretty@v0.1.0 github.com/kr/text@v0.1.0
gopkg.in/yaml.v2@v2.2.4 gopkg.in/check.v1@v0.0.0-20161208181325-20d25e280405
github.com/Azure/go-autorest/autorest/mocks@v0.4.0 github.com/Azure/go-autorest@v14.2.0+incompatible
github.com/go-openapi/jsonreference@v0.19.4 github.com/PuerkitoBio/purell@v1.1.1
github.com/go-openapi/jsonreference@v0.19.4 github.com/PuerkitoBio/urlesc@v0.0.0-20170810143723-de5bf2ad4578
github.com/go-openapi/jsonreference@v0.19.4 github.com/go-openapi/jsonpointer@v0.19.3
github.com/go-openapi/jsonreference@v0.19.4 github.com/stretchr/testify@v1.3.0
github.com/go-openapi/jsonreference@v0.19.4 golang.org/x/net@v0.0.0-20190827160401-ba9fcec4b297
github.com/go-openapi/jsonreference@v0.19.4 golang.org/x/text@v0.3.3
google.golang.org/genproto@v0.0.0-20190819201941-24fa4b261c55 github.com/golang/protobuf@v1.3.2
google.golang.org/genproto@v0.0.0-20190819201941-24fa4b261c55 golang.org/x/exp@v0.0.0-20190121172915-509febef88a4
google.golang.org/genproto@v0.0.0-20190819201941-24fa4b261c55 golang.org/x/lint@v0.0.0-20190227174305-5b3e6a55c961
google.golang.org/genproto@v0.0.0-20190819201941-24fa4b261c55 golang.org/x/tools@v0.0.0-20190226205152-f727befe758c
golang.org/x/oauth2@v0.0.0-20190402181905-9f3314589c9a golang.org/x/net@v0.0.0-20190108225652-1e06a53dbb7e
google.golang.org/genproto@v0.0.0-20190819201941-24fa4b261c55 honnef.co/go/tools@v0.0.0-20190102054323-c2f93a96b099
gopkg.in/yaml.v2@v2.3.0 gopkg.in/check.v1@v0.0.0-20161208181325-20d25e280405
golang.org/x/mod@v0.0.0-20190513183733-4bf6d317e70e golang.org/x/crypto@v0.0.0-20190510104115-cbcb75029529
github.com/envoyproxy/go-control-plane@v0.9.0 google.golang.org/grpc@v1.23.0
golang.org/x/net@v0.0.0-20191126235420-ef20fe5d7933 golang.org/x/crypto@v0.0.0-20190308221718-c2843e01d9a2
golang.org/x/net@v0.0.0-20191126235420-ef20fe5d7933 golang.org/x/sys@v0.0.0-20190215142949-d0b11bdaac8a
golang.org/x/net@v0.0.0-20191126235420-ef20fe5d7933 golang.org/x/text@v0.3.0
golang.org/x/text@v0.3.2 golang.org/x/tools@v0.0.0-20180917221912-90fa682c2a6e
github.com/envoyproxy/go-control-plane@v0.9.4 github.com/census-instrumentation/opencensus-proto@v0.2.1
github.com/envoyproxy/go-control-plane@v0.9.4 github.com/cncf/udpa/go@v0.0.0-20191209042840-269d4d468f6f
github.com/envoyproxy/go-control-plane@v0.9.4 github.com/envoyproxy/protoc-gen-validate@v0.1.0
github.com/envoyproxy/go-control-plane@v0.9.4 github.com/golang/protobuf@v1.3.2
github.com/envoyproxy/go-control-plane@v0.9.4 github.com/google/go-cmp@v0.2.0
github.com/envoyproxy/go-control-plane@v0.9.4 github.com/prometheus/client_model@v0.0.0-20190812154241-14fe0d1b01d4
github.com/envoyproxy/go-control-plane@v0.9.4 google.golang.org/genproto@v0.0.0-20190819201941-24fa4b261c55
github.com/envoyproxy/go-control-plane@v0.9.4 google.golang.org/grpc@v1.25.1
golang.org/x/text@v0.3.1-0.20181227161524-e6919f6577db golang.org/x/tools@v0.0.0-20180917221912-90fa682c2a6e
github.com/onsi/gomega@v0.0.0-20190113212917-5533ce8a0da3 github.com/fsnotify/fsnotify@v1.4.7
github.com/onsi/gomega@v0.0.0-20190113212917-5533ce8a0da3 github.com/golang/protobuf@v1.2.0
github.com/onsi/gomega@v0.0.0-20190113212917-5533ce8a0da3 github.com/hpcloud/tail@v1.0.0
github.com/onsi/gomega@v0.0.0-20190113212917-5533ce8a0da3 github.com/onsi/ginkgo@v1.6.0
github.com/onsi/gomega@v0.0.0-20190113212917-5533ce8a0da3 golang.org/x/net@v0.0.0-20180906233101-161cd47e91fd
github.com/onsi/gomega@v0.0.0-20190113212917-5533ce8a0da3 golang.org/x/sync@v0.0.0-20180314180146-1d60e4601c6f
github.com/onsi/gomega@v0.0.0-20190113212917-5533ce8a0da3 golang.org/x/sys@v0.0.0-20180909124046-d0be0721c37e
github.com/onsi/gomega@v0.0.0-20190113212917-5533ce8a0da3 golang.org/x/text@v0.3.0
github.com/onsi/gomega@v0.0.0-20190113212917-5533ce8a0da3 gopkg.in/fsnotify.v1@v1.4.7
github.com/onsi/gomega@v0.0.0-20190113212917-5533ce8a0da3 gopkg.in/tomb.v1@v1.0.0-20141024135613-dd632973f1e7
github.com/onsi/gomega@v0.0.0-20190113212917-5533ce8a0da3 gopkg.in/yaml.v2@v2.2.1
golang.org/x/tools@v0.0.0-20191203134012-c197fd4bf371 golang.org/x/net@v0.0.0-20190620200207-3b0461eec859
golang.org/x/tools@v0.0.0-20191203134012-c197fd4bf371 golang.org/x/sync@v0.0.0-20190423024810-112230192c58
golang.org/x/tools@v0.0.0-20191203134012-c197fd4bf371 golang.org/x/xerrors@v0.0.0-20190717185122-a985d3407aa7
golang.org/x/text@v0.3.3 golang.org/x/tools@v0.0.0-20180917221912-90fa682c2a6e
golang.org/x/tools@v0.0.0-20190226205152-f727befe758c golang.org/x/net@v0.0.0-20190213061140-3a22650c66bd
golang.org/x/tools@v0.0.0-20190226205152-f727befe758c golang.org/x/sync@v0.0.0-20181108010431-42b317875d0f
golang.org/x/tools@v0.0.0-20190226205152-f727befe758c google.golang.org/appengine@v1.4.0
golang.org/x/net@v0.0.0-20190620200207-3b0461eec859 golang.org/x/crypto@v0.0.0-20190308221718-c2843e01d9a2
golang.org/x/net@v0.0.0-20190620200207-3b0461eec859 golang.org/x/sys@v0.0.0-20190215142949-d0b11bdaac8a
golang.org/x/net@v0.0.0-20190620200207-3b0461eec859 golang.org/x/text@v0.3.0
golang.org/x/lint@v0.0.0-20190227174305-5b3e6a55c961 golang.org/x/tools@v0.0.0-20190226205152-f727befe758c
golang.org/x/lint@v0.0.0-20191125180803-fdd1cda4f05f golang.org/x/tools@v0.0.0-20191125144606-a911d9008d1f
github.com/Azure/go-autorest/logger@v0.2.0 github.com/Azure/go-autorest@v14.2.0+incompatible
github.com/google/go-cmp@v0.4.0 golang.org/x/xerrors@v0.0.0-20191204190536-9bdfabe68543
golang.org/x/tools@v0.0.0-20191125144606-a911d9008d1f golang.org/x/net@v0.0.0-20190620200207-3b0461eec859
golang.org/x/tools@v0.0.0-20191125144606-a911d9008d1f golang.org/x/sync@v0.0.0-20190423024810-112230192c58
golang.org/x/tools@v0.0.0-20191125144606-a911d9008d1f golang.org/x/xerrors@v0.0.0-20190717185122-a985d3407aa7
google.golang.org/grpc@v1.19.0 cloud.google.com/go@v0.26.0
google.golang.org/grpc@v1.19.0 github.com/BurntSushi/toml@v0.3.1
google.golang.org/grpc@v1.19.0 github.com/client9/misspell@v0.3.4
google.golang.org/grpc@v1.19.0 github.com/golang/glog@v0.0.0-20160126235308-23def4e6c14b
google.golang.org/grpc@v1.19.0 github.com/golang/mock@v1.1.1
google.golang.org/grpc@v1.19.0 github.com/golang/protobuf@v1.2.0
google.golang.org/grpc@v1.19.0 golang.org/x/lint@v0.0.0-20181026193005-c67002cb31c3
google.golang.org/grpc@v1.19.0 golang.org/x/net@v0.0.0-20180826012351-8a410e7b638d
google.golang.org/grpc@v1.19.0 golang.org/x/oauth2@v0.0.0-20180821212333-d2e6202438be
google.golang.org/grpc@v1.19.0 golang.org/x/sync@v0.0.0-20180314180146-1d60e4601c6f
google.golang.org/grpc@v1.19.0 golang.org/x/sys@v0.0.0-20180830151530-49385e6e1522
google.golang.org/grpc@v1.19.0 golang.org/x/text@v0.3.0
google.golang.org/grpc@v1.19.0 golang.org/x/tools@v0.0.0-20190114222345-bf090417da8b
google.golang.org/grpc@v1.19.0 google.golang.org/appengine@v1.1.0
google.golang.org/grpc@v1.19.0 google.golang.org/genproto@v0.0.0-20180817151627-c66870c02cf8
google.golang.org/grpc@v1.19.0 honnef.co/go/tools@v0.0.0-20190102054323-c2f93a96b099
github.com/prometheus/client_model@v0.0.0-20190812154241-14fe0d1b01d4 github.com/golang/protobuf@v1.2.0
github.com/prometheus/client_model@v0.0.0-20190812154241-14fe0d1b01d4 golang.org/x/sync@v0.0.0-20181108010431-42b317875d0f
github.com/envoyproxy/go-control-plane@v0.9.0 google.golang.org/genproto@v0.0.0-20190819201941-24fa4b261c55
github.com/envoyproxy/go-control-plane@v0.9.0 github.com/prometheus/client_model@v0.0.0-20190812154241-14fe0d1b01d4
github.com/envoyproxy/go-control-plane@v0.9.0 github.com/golang/protobuf@v1.3.2
github.com/envoyproxy/go-control-plane@v0.9.0 github.com/envoyproxy/protoc-gen-validate@v0.1.0
github.com/envoyproxy/go-control-plane@v0.9.0 github.com/census-instrumentation/opencensus-proto@v0.2.1
golang.org/x/tools@v0.0.0-20190621195816-6e04913cbbac golang.org/x/sync@v0.0.0-20190423024810-112230192c58
golang.org/x/tools@v0.0.0-20190621195816-6e04913cbbac golang.org/x/net@v0.0.0-20190311183353-d8887717615a
github.com/sirupsen/logrus@v1.6.0 golang.org/x/sys@v0.0.0-20190422165155-953cdadca894
github.com/sirupsen/logrus@v1.6.0 github.com/stretchr/testify@v1.2.2
github.com/sirupsen/logrus@v1.6.0 github.com/pmezard/go-difflib@v1.0.0
github.com/sirupsen/logrus@v1.6.0 github.com/konsorten/go-windows-terminal-sequences@v1.0.3
github.com/sirupsen/logrus@v1.6.0 github.com/davecgh/go-spew@v1.1.1
golang.org/x/oauth2@v0.0.0-20190402181905-9f3314589c9a google.golang.org/appengine@v1.4.0
golang.org/x/oauth2@v0.0.0-20190402181905-9f3314589c9a golang.org/x/sync@v0.0.0-20181221193216-37e7f081c4d4
google.golang.org/genproto@v0.0.0-20190819201941-24fa4b261c55 google.golang.org/grpc@v1.19.0
golang.org/x/oauth2@v0.0.0-20190402181905-9f3314589c9a cloud.google.com/go@v0.34.0
gopkg.in/yaml.v2@v2.2.1 gopkg.in/check.v1@v0.0.0-20161208181325-20d25e280405
honnef.co/go/tools@v0.0.1-2019.2.3 golang.org/x/tools@v0.0.0-20190621195816-6e04913cbbac
honnef.co/go/tools@v0.0.1-2019.2.3 github.com/BurntSushi/toml@v0.3.1
honnef.co/go/tools@v0.0.1-2019.2.3 github.com/google/renameio@v0.1.0
honnef.co/go/tools@v0.0.1-2019.2.3 github.com/kisielk/gotool@v1.0.0
honnef.co/go/tools@v0.0.1-2019.2.3 github.com/rogpeppe/go-internal@v1.3.0
honnef.co/go/tools@v0.0.1-2019.2.3 golang.org/x/mod@v0.0.0-20190513183733-4bf6d317e70e
k8s.io/client-go@v0.15.12 github.com/gregjones/httpcache@v0.0.0-20170728041850-787624de3eb7
k8s.io/client-go@v0.15.12 golang.org/x/oauth2@v0.0.0-20190402181905-9f3314589c9a
k8s.io/client-go@v0.15.12 golang.org/x/time@v0.0.0-20161028155119-f51c12702a4d
k8s.io/client-go@v0.15.12 google.golang.org/appengine@v1.5.0
k8s.io/client-go@v0.15.12 k8s.io/api@v0.15.12
k8s.io/client-go@v0.15.12 k8s.io/apimachinery@v0.15.12
k8s.io/client-go@v0.15.12 k8s.io/klog@v0.3.1
k8s.io/client-go@v0.15.12 k8s.io/utils@v0.0.0-20190221042446-c2654d5206da
k8s.io/client-go@v0.15.12 sigs.k8s.io/yaml@v1.1.0
k8s.io/client-go@v0.15.12 github.com/googleapis/gnostic@v0.0.0-20170729233727-0c5108395e2d
k8s.io/client-go@v0.15.12 github.com/google/gofuzz@v0.0.0-20170612174753-24818f796faf
k8s.io/client-go@v0.15.12 github.com/google/btree@v0.0.0-20160524151835-7d79101e329e
k8s.io/client-go@v0.15.12 github.com/golang/protobuf@v1.2.0
k8s.io/client-go@v0.15.12 github.com/golang/groupcache@v0.0.0-20160516000752-02826c3e7903
k8s.io/client-go@v0.15.12 github.com/gogo/protobuf@v0.0.0-20171007142547-342cbe0a0415
k8s.io/client-go@v0.15.12 github.com/evanphx/json-patch@v0.0.0-20190203023257-5858425f7550
k8s.io/client-go@v0.15.12 github.com/dgrijalva/jwt-go@v0.0.0-20160705203006-01aeca54ebda
k8s.io/client-go@v0.15.12 github.com/davecgh/go-spew@v1.1.1
k8s.io/client-go@v0.15.12 github.com/Azure/go-autorest@v11.1.2+incompatible
k8s.io/client-go@v0.15.12 golang.org/x/net@v0.0.0-20190812203447-cdfb69ac37fc
k8s.io/client-go@v0.15.12 golang.org/x/crypto@v0.0.0-20181025213731-e84da0312774
k8s.io/client-go@v0.15.12 github.com/stretchr/testify@v1.2.2
k8s.io/client-go@v0.15.12 github.com/spf13/pflag@v1.0.1
k8s.io/client-go@v0.15.12 github.com/peterbourgon/diskv@v2.0.1+incompatible
k8s.io/client-go@v0.15.12 github.com/imdario/mergo@v0.3.5
k8s.io/api@v0.15.12 k8s.io/apimachinery@v0.15.12
k8s.io/api@v0.15.12 github.com/stretchr/testify@v1.2.2
k8s.io/api@v0.15.12 github.com/gogo/protobuf@v0.0.0-20171007142547-342cbe0a0415
k8s.io/klog/v2@v2.0.0 github.com/go-logr/logr@v0.1.0
k8s.io/utils@v0.0.0-20200821003339-5e75c0163111 k8s.io/klog/v2@v2.0.0
k8s.io/utils@v0.0.0-20200821003339-5e75c0163111 github.com/stretchr/testify@v1.3.0
k8s.io/utils@v0.0.0-20200821003339-5e75c0163111 github.com/spf13/afero@v1.2.2
k8s.io/utils@v0.0.0-20200821003339-5e75c0163111 github.com/davecgh/go-spew@v1.1.1
k8s.io/apimachinery@v0.15.12 sigs.k8s.io/yaml@v1.1.0
k8s.io/apimachinery@v0.15.12 k8s.io/kube-openapi@v0.0.0-20190228160746-b3a7cee44a30
k8s.io/apimachinery@v0.15.12 k8s.io/klog@v0.3.1
k8s.io/apimachinery@v0.15.12 gopkg.in/yaml.v2@v2.2.8
k8s.io/apimachinery@v0.15.12 gopkg.in/inf.v0@v0.9.0
k8s.io/apimachinery@v0.15.12 golang.org/x/text@v0.3.1-0.20181227161524-e6919f6577db
k8s.io/apimachinery@v0.15.12 golang.org/x/sys@v0.0.0-20190312061237-fead79001313
k8s.io/apimachinery@v0.15.12 golang.org/x/sync@v0.0.0-20181221193216-37e7f081c4d4
k8s.io/apimachinery@v0.15.12 golang.org/x/net@v0.0.0-20190812203447-cdfb69ac37fc
k8s.io/apimachinery@v0.15.12 github.com/stretchr/testify@v1.2.2
k8s.io/apimachinery@v0.15.12 github.com/spf13/pflag@v1.0.1
k8s.io/apimachinery@v0.15.12 github.com/pmezard/go-difflib@v1.0.0
k8s.io/apimachinery@v0.15.12 github.com/onsi/gomega@v0.0.0-20190113212917-5533ce8a0da3
k8s.io/apimachinery@v0.15.12 github.com/mxk/go-flowrate@v0.0.0-20140419014527-cca7078d478f
k8s.io/apimachinery@v0.15.12 github.com/modern-go/reflect2@v1.0.1
k8s.io/apimachinery@v0.15.12 github.com/modern-go/concurrent@v0.0.0-20180306012644-bacd9c7ef1dd
k8s.io/apimachinery@v0.15.12 github.com/json-iterator/go@v0.0.0-20180701071628-ab8a2e0c74be
k8s.io/apimachinery@v0.15.12 github.com/hashicorp/golang-lru@v0.5.0
k8s.io/apimachinery@v0.15.12 github.com/googleapis/gnostic@v0.0.0-20170729233727-0c5108395e2d
k8s.io/apimachinery@v0.15.12 github.com/google/uuid@v1.0.0
k8s.io/apimachinery@v0.15.12 github.com/google/gofuzz@v0.0.0-20170612174753-24818f796faf
k8s.io/apimachinery@v0.15.12 github.com/google/go-cmp@v0.3.0
k8s.io/apimachinery@v0.15.12 github.com/golang/protobuf@v1.2.0
k8s.io/apimachinery@v0.15.12 github.com/golang/groupcache@v0.0.0-20160516000752-02826c3e7903
k8s.io/apimachinery@v0.15.12 github.com/gogo/protobuf@v0.0.0-20171007142547-342cbe0a0415
k8s.io/apimachinery@v0.15.12 github.com/evanphx/json-patch@v0.0.0-20190203023257-5858425f7550
k8s.io/apimachinery@v0.15.12 github.com/elazarl/goproxy@v0.0.0-20170405201442-c4fc26588b6e
k8s.io/apimachinery@v0.15.12 github.com/docker/spdystream@v0.0.0-20160310174837-449fdfce4d96
k8s.io/apimachinery@v0.15.12 github.com/davecgh/go-spew@v1.1.1
k8s.io/client-go@v0.15.12 github.com/gophercloud/gophercloud@v0.0.0-20190126172459-c818fa66e4c8
